nov 29, 2015 12:30:28 AM com.l2jserver.gameserver.model.actor.instance.L2PcInstance storeCharBase
AVVERTENZA: Could not store char base data: L2PcInstance:Helius[268485995] - Data truncation: Out of range value for column 'reputation' at row 1
com.mysql.jdbc.MysqlDataTruncation: Data truncation: Out of range value for column 'reputation' at row 1
	at com.mysql.jdbc.MysqlIO.checkErrorPacket(MysqlIO.java:3868)
	at com.mysql.jdbc.MysqlIO.checkErrorPacket(MysqlIO.java:3806)
	at com.mysql.jdbc.MysqlIO.sendCommand(MysqlIO.java:2470)
	at com.mysql.jdbc.MysqlIO.sqlQueryDirect(MysqlIO.java:2617)
	at com.mysql.jdbc.ConnectionImpl.execSQL(ConnectionImpl.java:2550)
	at com.mysql.jdbc.PreparedStatement.executeInternal(PreparedStatement.java:1861)
	at com.mysql.jdbc.PreparedStatement.execute(PreparedStatement.java:1192)
	at com.mchange.v2.c3p0.impl.NewProxyPreparedStatement.execute(NewProxyPreparedStatement.java:67)
	at com.l2jserver.gameserver.model.actor.instance.L2PcInstance.storeCharBase(L2PcInstance.java:7707)
	at com.l2jserver.gameserver.model.actor.instance.L2PcInstance.store(L2PcInstance.java:7595)
	at com.l2jserver.gameserver.model.actor.instance.L2PcInstance.storeMe(L2PcInstance.java:7626)
	at com.l2jserver.gameserver.network.L2GameClient.saveCharToDisk(L2GameClient.java:379)
	at com.l2jserver.gameserver.network.L2GameClient$AutoSaveTask.run(L2GameClient.java:947)
	at com.l2jserver.gameserver.ThreadPoolManager$RunnableWrapper.run(ThreadPoolManager.java:89)
	at java.util.concurrent.Executors$RunnableAdapter.call(Unknown Source)
	at java.util.concurrent.FutureTask.runAndReset(Unknown Source)
	at java.util.concurrent.ScheduledThreadPoolExecutor$ScheduledFutureTask.access$301(Unknown Source)
	at java.util.concurrent.ScheduledThreadPoolExecutor$ScheduledFutureTask.run(Unknown Source)
	at java.util.concurrent.ThreadPoolExecutor.runWorker(Unknown Source)
	at java.util.concurrent.ThreadPoolExecutor$Worker.run(Unknown Source)
	at java.lang.Thread.run(Unknown Source)

