nov 28, 2015 10:48:30 PM com.l2jserver.gameserver.engines.DocumentBase parse
GRAVE: Error loading file C:\Users\Anthony\Desktop\Source\dist\game\data\stats\skills\11800-11899.xml
java.lang.IllegalArgumentException: String value required, but not specified
	at com.l2jserver.gameserver.model.StatsSet.getString(StatsSet.java:497)
	at com.l2jserver.gameserver.model.effects.AbstractEffect.createEffect(AbstractEffect.java:86)
	at com.l2jserver.gameserver.engines.DocumentBase.attachEffect(DocumentBase.java:318)
	at com.l2jserver.gameserver.engines.DocumentBase.parseTemplate(DocumentBase.java:240)
	at com.l2jserver.gameserver.engines.DocumentBase.parseTemplate(DocumentBase.java:197)
	at com.l2jserver.gameserver.engines.skills.DocumentSkill.parseSkill(DocumentSkill.java:568)
	at com.l2jserver.gameserver.engines.skills.DocumentSkill.parseDocument(DocumentSkill.java:125)
	at com.l2jserver.gameserver.engines.DocumentBase.parse(DocumentBase.java:168)
	at com.l2jserver.gameserver.engines.DocumentEngine.loadSkills(DocumentEngine.java:91)
	at com.l2jserver.gameserver.engines.DocumentEngine.loadAllSkills(DocumentEngine.java:100)
	at com.l2jserver.gameserver.datatables.SkillData.load(SkillData.java:62)
	at com.l2jserver.gameserver.datatables.SkillData.reload(SkillData.java:54)
	at handlers.admincommandhandlers.AdminReload.useAdminCommand(AdminReload.java:179)
	at com.l2jserver.gameserver.network.clientpackets.SendBypassBuildCmd.runImpl(SendBypassBuildCmd.java:87)
	at com.l2jserver.gameserver.network.clientpackets.L2GameClientPacket.run(L2GameClientPacket.java:69)
	at com.l2jserver.gameserver.network.L2GameClient.run(L2GameClient.java:1140)
	at java.util.concurrent.ThreadPoolExecutor.runWorker(Unknown Source)
	at java.util.concurrent.ThreadPoolExecutor$Worker.run(Unknown Source)
	at java.lang.Thread.run(Unknown Source)

nov 28, 2015 10:50:14 PM com.l2jserver.gameserver.engines.DocumentBase parse
GRAVE: Error loading file C:\Users\Anthony\Desktop\Source\dist\game\data\stats\skills\11800-11899.xml
java.lang.IllegalArgumentException: String value required, but not specified
	at com.l2jserver.gameserver.model.StatsSet.getString(StatsSet.java:497)
	at com.l2jserver.gameserver.model.effects.AbstractEffect.createEffect(AbstractEffect.java:86)
	at com.l2jserver.gameserver.engines.DocumentBase.attachEffect(DocumentBase.java:318)
	at com.l2jserver.gameserver.engines.DocumentBase.parseTemplate(DocumentBase.java:240)
	at com.l2jserver.gameserver.engines.DocumentBase.parseTemplate(DocumentBase.java:197)
	at com.l2jserver.gameserver.engines.skills.DocumentSkill.parseSkill(DocumentSkill.java:568)
	at com.l2jserver.gameserver.engines.skills.DocumentSkill.parseDocument(DocumentSkill.java:125)
	at com.l2jserver.gameserver.engines.DocumentBase.parse(DocumentBase.java:168)
	at com.l2jserver.gameserver.engines.DocumentEngine.loadSkills(DocumentEngine.java:91)
	at com.l2jserver.gameserver.engines.DocumentEngine.loadAllSkills(DocumentEngine.java:100)
	at com.l2jserver.gameserver.datatables.SkillData.load(SkillData.java:62)
	at com.l2jserver.gameserver.datatables.SkillData.reload(SkillData.java:54)
	at handlers.admincommandhandlers.AdminReload.useAdminCommand(AdminReload.java:179)
	at com.l2jserver.gameserver.network.clientpackets.SendBypassBuildCmd.runImpl(SendBypassBuildCmd.java:87)
	at com.l2jserver.gameserver.network.clientpackets.L2GameClientPacket.run(L2GameClientPacket.java:69)
	at com.l2jserver.gameserver.network.L2GameClient.run(L2GameClient.java:1140)
	at java.util.concurrent.ThreadPoolExecutor.runWorker(Unknown Source)
	at java.util.concurrent.ThreadPoolExecutor$Worker.run(Unknown Source)
	at java.lang.Thread.run(Unknown Source)

nov 28, 2015 10:51:12 PM com.l2jserver.gameserver.engines.DocumentBase parse
GRAVE: Error loading file C:\Users\Anthony\Desktop\Source\dist\game\data\stats\skills\11800-11899.xml
java.lang.IllegalArgumentException: String value required, but not specified
	at com.l2jserver.gameserver.model.StatsSet.getString(StatsSet.java:497)
	at com.l2jserver.gameserver.model.effects.AbstractEffect.createEffect(AbstractEffect.java:86)
	at com.l2jserver.gameserver.engines.DocumentBase.attachEffect(DocumentBase.java:318)
	at com.l2jserver.gameserver.engines.DocumentBase.parseTemplate(DocumentBase.java:240)
	at com.l2jserver.gameserver.engines.DocumentBase.parseTemplate(DocumentBase.java:197)
	at com.l2jserver.gameserver.engines.skills.DocumentSkill.parseSkill(DocumentSkill.java:568)
	at com.l2jserver.gameserver.engines.skills.DocumentSkill.parseDocument(DocumentSkill.java:125)
	at com.l2jserver.gameserver.engines.DocumentBase.parse(DocumentBase.java:168)
	at com.l2jserver.gameserver.engines.DocumentEngine.loadSkills(DocumentEngine.java:91)
	at com.l2jserver.gameserver.engines.DocumentEngine.loadAllSkills(DocumentEngine.java:100)
	at com.l2jserver.gameserver.datatables.SkillData.load(SkillData.java:62)
	at com.l2jserver.gameserver.datatables.SkillData.reload(SkillData.java:54)
	at handlers.admincommandhandlers.AdminReload.useAdminCommand(AdminReload.java:179)
	at com.l2jserver.gameserver.network.clientpackets.SendBypassBuildCmd.runImpl(SendBypassBuildCmd.java:87)
	at com.l2jserver.gameserver.network.clientpackets.L2GameClientPacket.run(L2GameClientPacket.java:69)
	at com.l2jserver.gameserver.network.L2GameClient.run(L2GameClient.java:1140)
	at java.util.concurrent.ThreadPoolExecutor.runWorker(Unknown Source)
	at java.util.concurrent.ThreadPoolExecutor$Worker.run(Unknown Source)
	at java.lang.Thread.run(Unknown Source)

nov 28, 2015 10:52:50 PM com.l2jserver.gameserver.engines.DocumentBase parse
GRAVE: Error loading file C:\Users\Anthony\Desktop\Source\dist\game\data\stats\skills\11800-11899.xml
java.lang.IllegalArgumentException: String value required, but not specified
	at com.l2jserver.gameserver.model.StatsSet.getString(StatsSet.java:497)
	at com.l2jserver.gameserver.model.effects.AbstractEffect.createEffect(AbstractEffect.java:86)
	at com.l2jserver.gameserver.engines.DocumentBase.attachEffect(DocumentBase.java:318)
	at com.l2jserver.gameserver.engines.DocumentBase.parseTemplate(DocumentBase.java:240)
	at com.l2jserver.gameserver.engines.DocumentBase.parseTemplate(DocumentBase.java:197)
	at com.l2jserver.gameserver.engines.skills.DocumentSkill.parseSkill(DocumentSkill.java:568)
	at com.l2jserver.gameserver.engines.skills.DocumentSkill.parseDocument(DocumentSkill.java:125)
	at com.l2jserver.gameserver.engines.DocumentBase.parse(DocumentBase.java:168)
	at com.l2jserver.gameserver.engines.DocumentEngine.loadSkills(DocumentEngine.java:91)
	at com.l2jserver.gameserver.engines.DocumentEngine.loadAllSkills(DocumentEngine.java:100)
	at com.l2jserver.gameserver.datatables.SkillData.load(SkillData.java:62)
	at com.l2jserver.gameserver.datatables.SkillData.reload(SkillData.java:54)
	at handlers.admincommandhandlers.AdminReload.useAdminCommand(AdminReload.java:179)
	at com.l2jserver.gameserver.network.clientpackets.SendBypassBuildCmd.runImpl(SendBypassBuildCmd.java:87)
	at com.l2jserver.gameserver.network.clientpackets.L2GameClientPacket.run(L2GameClientPacket.java:69)
	at com.l2jserver.gameserver.network.L2GameClient.run(L2GameClient.java:1140)
	at java.util.concurrent.ThreadPoolExecutor.runWorker(Unknown Source)
	at java.util.concurrent.ThreadPoolExecutor$Worker.run(Unknown Source)
	at java.lang.Thread.run(Unknown Source)

nov 28, 2015 10:55:30 PM com.l2jserver.gameserver.engines.DocumentBase parse
GRAVE: Error loading file C:\Users\Anthony\Desktop\Source\dist\game\data\stats\skills\11800-11899.xml
java.lang.IllegalArgumentException: String value required, but not specified
	at com.l2jserver.gameserver.model.StatsSet.getString(StatsSet.java:497)
	at com.l2jserver.gameserver.model.effects.AbstractEffect.createEffect(AbstractEffect.java:86)
	at com.l2jserver.gameserver.engines.DocumentBase.attachEffect(DocumentBase.java:318)
	at com.l2jserver.gameserver.engines.DocumentBase.parseTemplate(DocumentBase.java:240)
	at com.l2jserver.gameserver.engines.DocumentBase.parseTemplate(DocumentBase.java:197)
	at com.l2jserver.gameserver.engines.skills.DocumentSkill.parseSkill(DocumentSkill.java:568)
	at com.l2jserver.gameserver.engines.skills.DocumentSkill.parseDocument(DocumentSkill.java:125)
	at com.l2jserver.gameserver.engines.DocumentBase.parse(DocumentBase.java:168)
	at com.l2jserver.gameserver.engines.DocumentEngine.loadSkills(DocumentEngine.java:91)
	at com.l2jserver.gameserver.engines.DocumentEngine.loadAllSkills(DocumentEngine.java:100)
	at com.l2jserver.gameserver.datatables.SkillData.load(SkillData.java:62)
	at com.l2jserver.gameserver.datatables.SkillData.reload(SkillData.java:54)
	at handlers.admincommandhandlers.AdminReload.useAdminCommand(AdminReload.java:179)
	at com.l2jserver.gameserver.network.clientpackets.SendBypassBuildCmd.runImpl(SendBypassBuildCmd.java:87)
	at com.l2jserver.gameserver.network.clientpackets.L2GameClientPacket.run(L2GameClientPacket.java:69)
	at com.l2jserver.gameserver.network.L2GameClient.run(L2GameClient.java:1140)
	at java.util.concurrent.ThreadPoolExecutor.runWorker(Unknown Source)
	at java.util.concurrent.ThreadPoolExecutor$Worker.run(Unknown Source)
	at java.lang.Thread.run(Unknown Source)

nov 28, 2015 11:00:34 PM com.l2jserver.gameserver.engines.DocumentBase parse
GRAVE: Error loading file C:\Users\Anthony\Desktop\Source\dist\game\data\stats\skills\11800-11899.xml
java.lang.IllegalArgumentException: String value required, but not specified
	at com.l2jserver.gameserver.model.StatsSet.getString(StatsSet.java:497)
	at com.l2jserver.gameserver.model.effects.AbstractEffect.createEffect(AbstractEffect.java:86)
	at com.l2jserver.gameserver.engines.DocumentBase.attachEffect(DocumentBase.java:318)
	at com.l2jserver.gameserver.engines.DocumentBase.parseTemplate(DocumentBase.java:240)
	at com.l2jserver.gameserver.engines.DocumentBase.parseTemplate(DocumentBase.java:197)
	at com.l2jserver.gameserver.engines.skills.DocumentSkill.parseSkill(DocumentSkill.java:568)
	at com.l2jserver.gameserver.engines.skills.DocumentSkill.parseDocument(DocumentSkill.java:125)
	at com.l2jserver.gameserver.engines.DocumentBase.parse(DocumentBase.java:168)
	at com.l2jserver.gameserver.engines.DocumentEngine.loadSkills(DocumentEngine.java:91)
	at com.l2jserver.gameserver.engines.DocumentEngine.loadAllSkills(DocumentEngine.java:100)
	at com.l2jserver.gameserver.datatables.SkillData.load(SkillData.java:62)
	at com.l2jserver.gameserver.datatables.SkillData.reload(SkillData.java:54)
	at handlers.admincommandhandlers.AdminReload.useAdminCommand(AdminReload.java:179)
	at com.l2jserver.gameserver.network.clientpackets.SendBypassBuildCmd.runImpl(SendBypassBuildCmd.java:87)
	at com.l2jserver.gameserver.network.clientpackets.L2GameClientPacket.run(L2GameClientPacket.java:69)
	at com.l2jserver.gameserver.network.L2GameClient.run(L2GameClient.java:1140)
	at java.util.concurrent.ThreadPoolExecutor.runWorker(Unknown Source)
	at java.util.concurrent.ThreadPoolExecutor$Worker.run(Unknown Source)
	at java.lang.Thread.run(Unknown Source)

nov 28, 2015 11:01:59 PM com.l2jserver.gameserver.engines.DocumentBase parse
GRAVE: Error loading file C:\Users\Anthony\Desktop\Source\dist\game\data\stats\skills\11800-11899.xml
java.lang.IllegalArgumentException: String value required, but not specified
	at com.l2jserver.gameserver.model.StatsSet.getString(StatsSet.java:497)
	at com.l2jserver.gameserver.model.effects.AbstractEffect.createEffect(AbstractEffect.java:86)
	at com.l2jserver.gameserver.engines.DocumentBase.attachEffect(DocumentBase.java:318)
	at com.l2jserver.gameserver.engines.DocumentBase.parseTemplate(DocumentBase.java:240)
	at com.l2jserver.gameserver.engines.DocumentBase.parseTemplate(DocumentBase.java:197)
	at com.l2jserver.gameserver.engines.skills.DocumentSkill.parseSkill(DocumentSkill.java:568)
	at com.l2jserver.gameserver.engines.skills.DocumentSkill.parseDocument(DocumentSkill.java:125)
	at com.l2jserver.gameserver.engines.DocumentBase.parse(DocumentBase.java:168)
	at com.l2jserver.gameserver.engines.DocumentEngine.loadSkills(DocumentEngine.java:91)
	at com.l2jserver.gameserver.engines.DocumentEngine.loadAllSkills(DocumentEngine.java:100)
	at com.l2jserver.gameserver.datatables.SkillData.load(SkillData.java:62)
	at com.l2jserver.gameserver.datatables.SkillData.reload(SkillData.java:54)
	at handlers.admincommandhandlers.AdminReload.useAdminCommand(AdminReload.java:179)
	at com.l2jserver.gameserver.network.clientpackets.SendBypassBuildCmd.runImpl(SendBypassBuildCmd.java:87)
	at com.l2jserver.gameserver.network.clientpackets.L2GameClientPacket.run(L2GameClientPacket.java:69)
	at com.l2jserver.gameserver.network.L2GameClient.run(L2GameClient.java:1140)
	at java.util.concurrent.ThreadPoolExecutor.runWorker(Unknown Source)
	at java.util.concurrent.ThreadPoolExecutor$Worker.run(Unknown Source)
	at java.lang.Thread.run(Unknown Source)

nov 28, 2015 11:04:55 PM com.l2jserver.gameserver.engines.DocumentBase parse
GRAVE: Error loading file C:\Users\Anthony\Desktop\Source\dist\game\data\stats\skills\11800-11899.xml
java.lang.IllegalArgumentException: String value required, but not specified
	at com.l2jserver.gameserver.model.StatsSet.getString(StatsSet.java:497)
	at com.l2jserver.gameserver.model.effects.AbstractEffect.createEffect(AbstractEffect.java:86)
	at com.l2jserver.gameserver.engines.DocumentBase.attachEffect(DocumentBase.java:318)
	at com.l2jserver.gameserver.engines.DocumentBase.parseTemplate(DocumentBase.java:240)
	at com.l2jserver.gameserver.engines.DocumentBase.parseTemplate(DocumentBase.java:197)
	at com.l2jserver.gameserver.engines.skills.DocumentSkill.parseSkill(DocumentSkill.java:568)
	at com.l2jserver.gameserver.engines.skills.DocumentSkill.parseDocument(DocumentSkill.java:125)
	at com.l2jserver.gameserver.engines.DocumentBase.parse(DocumentBase.java:168)
	at com.l2jserver.gameserver.engines.DocumentEngine.loadSkills(DocumentEngine.java:91)
	at com.l2jserver.gameserver.engines.DocumentEngine.loadAllSkills(DocumentEngine.java:100)
	at com.l2jserver.gameserver.datatables.SkillData.load(SkillData.java:62)
	at com.l2jserver.gameserver.datatables.SkillData.reload(SkillData.java:54)
	at handlers.admincommandhandlers.AdminReload.useAdminCommand(AdminReload.java:179)
	at com.l2jserver.gameserver.network.clientpackets.SendBypassBuildCmd.runImpl(SendBypassBuildCmd.java:87)
	at com.l2jserver.gameserver.network.clientpackets.L2GameClientPacket.run(L2GameClientPacket.java:69)
	at com.l2jserver.gameserver.network.L2GameClient.run(L2GameClient.java:1140)
	at java.util.concurrent.ThreadPoolExecutor.runWorker(Unknown Source)
	at java.util.concurrent.ThreadPoolExecutor$Worker.run(Unknown Source)
	at java.lang.Thread.run(Unknown Source)

nov 28, 2015 11:24:03 PM com.l2jserver.gameserver.network.clientpackets.L2GameClientPacket run
GRAVE: Client: [Character: Helius[268485995] - Account: thonygez - IP: 127.0.0.1] - Failed running: [C] 74 SendBypassBuildCmd ; null
java.lang.NullPointerException
	at handlers.admincommandhandlers.AdminSkill.useAdminCommand(AdminSkill.java:209)
	at com.l2jserver.gameserver.network.clientpackets.SendBypassBuildCmd.runImpl(SendBypassBuildCmd.java:87)
	at com.l2jserver.gameserver.network.clientpackets.L2GameClientPacket.run(L2GameClientPacket.java:69)
	at com.l2jserver.gameserver.network.L2GameClient.run(L2GameClient.java:1140)
	at java.util.concurrent.ThreadPoolExecutor.runWorker(Unknown Source)
	at java.util.concurrent.ThreadPoolExecutor$Worker.run(Unknown Source)
	at java.lang.Thread.run(Unknown Source)

nov 28, 2015 11:24:05 PM com.l2jserver.gameserver.network.clientpackets.L2GameClientPacket run
GRAVE: Client: [Character: Helius[268485995] - Account: thonygez - IP: 127.0.0.1] - Failed running: [C] 74 SendBypassBuildCmd ; null
java.lang.NullPointerException
	at handlers.admincommandhandlers.AdminSkill.useAdminCommand(AdminSkill.java:209)
	at com.l2jserver.gameserver.network.clientpackets.SendBypassBuildCmd.runImpl(SendBypassBuildCmd.java:87)
	at com.l2jserver.gameserver.network.clientpackets.L2GameClientPacket.run(L2GameClientPacket.java:69)
	at com.l2jserver.gameserver.network.L2GameClient.run(L2GameClient.java:1140)
	at java.util.concurrent.ThreadPoolExecutor.runWorker(Unknown Source)
	at java.util.concurrent.ThreadPoolExecutor$Worker.run(Unknown Source)
	at java.lang.Thread.run(Unknown Source)

nov 28, 2015 11:24:12 PM com.l2jserver.gameserver.network.clientpackets.L2GameClientPacket run
GRAVE: Client: [Character: Helius[268485995] - Account: thonygez - IP: 127.0.0.1] - Failed running: [C] 74 SendBypassBuildCmd ; null
java.lang.NullPointerException
	at handlers.admincommandhandlers.AdminSkill.useAdminCommand(AdminSkill.java:209)
	at com.l2jserver.gameserver.network.clientpackets.SendBypassBuildCmd.runImpl(SendBypassBuildCmd.java:87)
	at com.l2jserver.gameserver.network.clientpackets.L2GameClientPacket.run(L2GameClientPacket.java:69)
	at com.l2jserver.gameserver.network.L2GameClient.run(L2GameClient.java:1140)
	at java.util.concurrent.ThreadPoolExecutor.runWorker(Unknown Source)
	at java.util.concurrent.ThreadPoolExecutor$Worker.run(Unknown Source)
	at java.lang.Thread.run(Unknown Source)

nov 28, 2015 11:24:15 PM com.l2jserver.gameserver.network.clientpackets.L2GameClientPacket run
GRAVE: Client: [Character: Helius[268485995] - Account: thonygez - IP: 127.0.0.1] - Failed running: [C] 74 SendBypassBuildCmd ; null
java.lang.NullPointerException
	at handlers.admincommandhandlers.AdminSkill.useAdminCommand(AdminSkill.java:209)
	at com.l2jserver.gameserver.network.clientpackets.SendBypassBuildCmd.runImpl(SendBypassBuildCmd.java:87)
	at com.l2jserver.gameserver.network.clientpackets.L2GameClientPacket.run(L2GameClientPacket.java:69)
	at com.l2jserver.gameserver.network.L2GameClient.run(L2GameClient.java:1140)
	at java.util.concurrent.ThreadPoolExecutor.runWorker(Unknown Source)
	at java.util.concurrent.ThreadPoolExecutor$Worker.run(Unknown Source)
	at java.lang.Thread.run(Unknown Source)

nov 28, 2015 11:24:33 PM com.l2jserver.gameserver.engines.DocumentBase parse
GRAVE: Error loading file C:\Users\Anthony\Desktop\Source\dist\game\data\stats\skills\11800-11899.xml
java.lang.IllegalArgumentException: String value required, but not specified
	at com.l2jserver.gameserver.model.StatsSet.getString(StatsSet.java:497)
	at com.l2jserver.gameserver.model.effects.AbstractEffect.createEffect(AbstractEffect.java:86)
	at com.l2jserver.gameserver.engines.DocumentBase.attachEffect(DocumentBase.java:318)
	at com.l2jserver.gameserver.engines.DocumentBase.parseTemplate(DocumentBase.java:240)
	at com.l2jserver.gameserver.engines.DocumentBase.parseTemplate(DocumentBase.java:197)
	at com.l2jserver.gameserver.engines.skills.DocumentSkill.parseSkill(DocumentSkill.java:568)
	at com.l2jserver.gameserver.engines.skills.DocumentSkill.parseDocument(DocumentSkill.java:125)
	at com.l2jserver.gameserver.engines.DocumentBase.parse(DocumentBase.java:168)
	at com.l2jserver.gameserver.engines.DocumentEngine.loadSkills(DocumentEngine.java:91)
	at com.l2jserver.gameserver.engines.DocumentEngine.loadAllSkills(DocumentEngine.java:100)
	at com.l2jserver.gameserver.datatables.SkillData.load(SkillData.java:62)
	at com.l2jserver.gameserver.datatables.SkillData.reload(SkillData.java:54)
	at handlers.admincommandhandlers.AdminReload.useAdminCommand(AdminReload.java:179)
	at com.l2jserver.gameserver.network.clientpackets.SendBypassBuildCmd.runImpl(SendBypassBuildCmd.java:87)
	at com.l2jserver.gameserver.network.clientpackets.L2GameClientPacket.run(L2GameClientPacket.java:69)
	at com.l2jserver.gameserver.network.L2GameClient.run(L2GameClient.java:1140)
	at java.util.concurrent.ThreadPoolExecutor.runWorker(Unknown Source)
	at java.util.concurrent.ThreadPoolExecutor$Worker.run(Unknown Source)
	at java.lang.Thread.run(Unknown Source)

nov 28, 2015 11:24:55 PM com.l2jserver.gameserver.engines.DocumentBase parse
GRAVE: Error loading file C:\Users\Anthony\Desktop\Source\dist\game\data\stats\skills\11800-11899.xml
java.lang.IllegalArgumentException: String value required, but not specified
	at com.l2jserver.gameserver.model.StatsSet.getString(StatsSet.java:497)
	at com.l2jserver.gameserver.model.effects.AbstractEffect.createEffect(AbstractEffect.java:86)
	at com.l2jserver.gameserver.engines.DocumentBase.attachEffect(DocumentBase.java:318)
	at com.l2jserver.gameserver.engines.DocumentBase.parseTemplate(DocumentBase.java:240)
	at com.l2jserver.gameserver.engines.DocumentBase.parseTemplate(DocumentBase.java:197)
	at com.l2jserver.gameserver.engines.skills.DocumentSkill.parseSkill(DocumentSkill.java:568)
	at com.l2jserver.gameserver.engines.skills.DocumentSkill.parseDocument(DocumentSkill.java:125)
	at com.l2jserver.gameserver.engines.DocumentBase.parse(DocumentBase.java:168)
	at com.l2jserver.gameserver.engines.DocumentEngine.loadSkills(DocumentEngine.java:91)
	at com.l2jserver.gameserver.engines.DocumentEngine.loadAllSkills(DocumentEngine.java:100)
	at com.l2jserver.gameserver.datatables.SkillData.load(SkillData.java:62)
	at com.l2jserver.gameserver.datatables.SkillData.reload(SkillData.java:54)
	at handlers.admincommandhandlers.AdminReload.useAdminCommand(AdminReload.java:179)
	at com.l2jserver.gameserver.network.clientpackets.SendBypassBuildCmd.runImpl(SendBypassBuildCmd.java:87)
	at com.l2jserver.gameserver.network.clientpackets.L2GameClientPacket.run(L2GameClientPacket.java:69)
	at com.l2jserver.gameserver.network.L2GameClient.run(L2GameClient.java:1140)
	at java.util.concurrent.ThreadPoolExecutor.runWorker(Unknown Source)
	at java.util.concurrent.ThreadPoolExecutor$Worker.run(Unknown Source)
	at java.lang.Thread.run(Unknown Source)

nov 28, 2015 11:25:37 PM com.l2jserver.gameserver.engines.DocumentBase parse
GRAVE: Error loading file C:\Users\Anthony\Desktop\Source\dist\game\data\stats\skills\11800-11899.xml
java.lang.IllegalArgumentException: String value required, but not specified
	at com.l2jserver.gameserver.model.StatsSet.getString(StatsSet.java:497)
	at com.l2jserver.gameserver.model.effects.AbstractEffect.createEffect(AbstractEffect.java:86)
	at com.l2jserver.gameserver.engines.DocumentBase.attachEffect(DocumentBase.java:318)
	at com.l2jserver.gameserver.engines.DocumentBase.parseTemplate(DocumentBase.java:240)
	at com.l2jserver.gameserver.engines.DocumentBase.parseTemplate(DocumentBase.java:197)
	at com.l2jserver.gameserver.engines.skills.DocumentSkill.parseSkill(DocumentSkill.java:568)
	at com.l2jserver.gameserver.engines.skills.DocumentSkill.parseDocument(DocumentSkill.java:125)
	at com.l2jserver.gameserver.engines.DocumentBase.parse(DocumentBase.java:168)
	at com.l2jserver.gameserver.engines.DocumentEngine.loadSkills(DocumentEngine.java:91)
	at com.l2jserver.gameserver.engines.DocumentEngine.loadAllSkills(DocumentEngine.java:100)
	at com.l2jserver.gameserver.datatables.SkillData.load(SkillData.java:62)
	at com.l2jserver.gameserver.datatables.SkillData.reload(SkillData.java:54)
	at handlers.admincommandhandlers.AdminReload.useAdminCommand(AdminReload.java:179)
	at com.l2jserver.gameserver.network.clientpackets.SendBypassBuildCmd.runImpl(SendBypassBuildCmd.java:87)
	at com.l2jserver.gameserver.network.clientpackets.L2GameClientPacket.run(L2GameClientPacket.java:69)
	at com.l2jserver.gameserver.network.L2GameClient.run(L2GameClient.java:1140)
	at java.util.concurrent.ThreadPoolExecutor.runWorker(Unknown Source)
	at java.util.concurrent.ThreadPoolExecutor$Worker.run(Unknown Source)
	at java.lang.Thread.run(Unknown Source)

