2015.11.28 23:57:44,687	INFO	1	com.l2jserver.gameserver.GameServer	-----------------------------------=[ Network Configuration ]
2015.11.28 23:57:44,886	INFO	1	com.l2jserver.util.data.xml.IXmlReader	Using automatic network configuration.
2015.11.28 23:57:45,735	INFO	1	com.l2jserver.util.data.xml.IXmlReader	Adding new subnet: 127.0.0.0/8 address: 127.0.0.1
2015.11.28 23:57:45,746	INFO	1	com.l2jserver.util.data.xml.IXmlReader	Adding new subnet: 192.168.1.0/24 address: 192.168.1.110
2015.11.28 23:57:45,765	INFO	1	com.l2jserver.util.data.xml.IXmlReader	Adding new subnet: 0.0.0.0/0 address: 2.236.77.146
2015.11.28 23:57:47,391	INFO	1	com.l2jserver.Config	Loaded 6 Filter Words.
2015.11.28 23:57:47,426	INFO	1	com.l2jserver.gameserver.GameServer	------------------------------------------------=[ Database ]
2015.11.28 23:57:52,031	INFO	1	com.l2jserver.gameserver.idfactory.BitSetIDFactory	Updated characters online status.
2015.11.28 23:57:52,115	INFO	1	com.l2jserver.gameserver.idfactory.BitSetIDFactory	Cleaned 0 elements from database in 0 s
2015.11.28 23:57:52,118	INFO	1	com.l2jserver.gameserver.idfactory.BitSetIDFactory	Cleaned 0 expired timestamps from database.
2015.11.28 23:57:52,597	INFO	1	com.l2jserver.gameserver.idfactory.BitSetIDFactory	BitSetIDFactory: 102912 id's available.
2015.11.28 23:57:52,683	INFO	1	com.l2jserver.gameserver.GameServer	-------------------------------------------------=[ Engines ]
2015.11.28 23:57:53,183	INFO	1	com.l2jserver.gameserver.scripting.L2ScriptEngineManager	Script Engine: java 1.8 - Language: java - Language Version: 1.8
2015.11.28 23:57:53,183	INFO	1	com.l2jserver.gameserver.GameServer	---------------------------------------------------=[ World ]
2015.11.28 23:57:53,184	CONFIG	21	com.l2jserver.gameserver.GameTimeController	GameTimeController: Started.
2015.11.28 23:57:53,400	INFO	1	com.l2jserver.util.data.xml.IXmlReader	InstanceManager: Multiverse Instance created.
2015.11.28 23:57:53,400	INFO	1	com.l2jserver.util.data.xml.IXmlReader	InstanceManager: Universe Instance created.
2015.11.28 23:57:53,583	INFO	1	com.l2jserver.util.data.xml.IXmlReader	InstanceManager: Loaded 263 instance names.
2015.11.28 23:57:53,633	INFO	1	com.l2jserver.gameserver.model.L2World	L2World: (144 by 136) World Region Grid set up.
2015.11.28 23:57:54,030	INFO	1	com.l2jserver.util.data.xml.IXmlReader	MapRegionManager: Loaded 59 map regions.
2015.11.28 23:57:54,140	INFO	1	com.l2jserver.gameserver.instancemanager.GlobalVariablesManager	GlobalVariablesManager: Loaded 5 variables.
2015.11.28 23:57:54,140	INFO	1	com.l2jserver.gameserver.GameServer	----------------------------------------------------=[ Data ]
2015.11.28 23:57:54,227	INFO	1	com.l2jserver.gameserver.data.xml.impl.CategoryData	CategoryData: Loaded 142 Categories.
2015.11.28 23:57:54,295	INFO	1	com.l2jserver.util.data.xml.IXmlReader	SecondaryAuthData: Loaded 328 forbidden passwords.
2015.11.28 23:57:54,379	INFO	1	com.l2jserver.util.data.xml.IXmlReader	AbilityPointsData: Loaded: 4 range fees.
2015.11.28 23:57:54,379	INFO	1	com.l2jserver.gameserver.GameServer	-------------------------------------------------=[ Effects ]
2015.11.28 23:58:02,823	INFO	1	handlers.EffectMasterHandler	EffectMasterHandler: Loaded 175 effect handlers.
2015.11.28 23:58:02,823	INFO	1	com.l2jserver.gameserver.GameServer	------------------------------------=[ Enchant Skill Groups ]
2015.11.28 23:58:03,024	INFO	1	com.l2jserver.util.data.xml.IXmlReader	EnchantSkillGroupsData: Loaded 5 groups and 100 routes.
2015.11.28 23:58:03,025	INFO	1	com.l2jserver.gameserver.GameServer	---------------------------------------------=[ Skill Trees ]
2015.11.28 23:58:04,093	INFO	1	com.l2jserver.util.data.xml.IXmlReader	SkillTreesData: Loaded 27675 Class Skills for 145 Class Skill Trees.
2015.11.28 23:58:04,094	INFO	1	com.l2jserver.util.data.xml.IXmlReader	SkillTreesData: Loaded 24 Sub-Class Skills.
2015.11.28 23:58:04,095	INFO	1	com.l2jserver.util.data.xml.IXmlReader	SkillTreesData: Loaded 38 Dual-Class Skills.
2015.11.28 23:58:04,096	INFO	1	com.l2jserver.util.data.xml.IXmlReader	SkillTreesData: Loaded 105 Transfer Skills for 3 Transfer Skill Trees.
2015.11.28 23:58:04,096	INFO	1	com.l2jserver.util.data.xml.IXmlReader	SkillTreesData: Loaded 14 Race skills for 6 Race Skill Trees.
2015.11.28 23:58:04,097	INFO	1	com.l2jserver.util.data.xml.IXmlReader	SkillTreesData: Loaded 35 Fishing Skills, 8 Dwarven only Fishing Skills.
2015.11.28 23:58:04,098	INFO	1	com.l2jserver.util.data.xml.IXmlReader	SkillTreesData: Loaded 3 Collect Skills.
2015.11.28 23:58:04,100	INFO	1	com.l2jserver.util.data.xml.IXmlReader	SkillTreesData: Loaded 172 Pledge Skills, 142 for Pledge and 30 Residential.
2015.11.28 23:58:04,100	INFO	1	com.l2jserver.util.data.xml.IXmlReader	SkillTreesData: Loaded 18 Sub-Pledge Skills.
2015.11.28 23:58:04,101	INFO	1	com.l2jserver.util.data.xml.IXmlReader	SkillTreesData: Loaded 32 Transform Skills.
2015.11.28 23:58:04,102	INFO	1	com.l2jserver.util.data.xml.IXmlReader	SkillTreesData: Loaded 8 Noble Skills.
2015.11.28 23:58:04,102	INFO	1	com.l2jserver.util.data.xml.IXmlReader	SkillTreesData: Loaded 5 Hero Skills.
2015.11.28 23:58:04,103	INFO	1	com.l2jserver.util.data.xml.IXmlReader	SkillTreesData: Loaded 46 Game Master Skills.
2015.11.28 23:58:04,104	INFO	1	com.l2jserver.util.data.xml.IXmlReader	SkillTreesData: Loaded 46 Game Master Aura Skills.
2015.11.28 23:58:04,105	INFO	1	com.l2jserver.util.data.xml.IXmlReader	SkillTreesData: Loaded 138 Ability Skills.
2015.11.28 23:58:04,110	INFO	1	com.l2jserver.util.data.xml.IXmlReader	SkillTreesData: Loaded 120 Alchemy Skills.
2015.11.28 23:58:04,111	INFO	1	com.l2jserver.util.data.xml.IXmlReader	SkillTreesData: Loaded 20 Revelation Skills.
2015.11.28 23:58:04,112	INFO	1	com.l2jserver.util.data.xml.IXmlReader	SkillTreesData: Loaded 4 Subclass change Skills.
2015.11.28 23:58:04,113	INFO	1	com.l2jserver.gameserver.GameServer	--------------------------------------------------=[ Skills ]
2015.11.28 23:58:11,174	INFO	1	com.l2jserver.gameserver.engines.DocumentEngine	DocumentEngine: Loaded 89703 Skill templates from XML files.
2015.11.28 23:58:11,249	INFO	1	com.l2jserver.gameserver.data.sql.impl.SummonSkillsTable	SummonSkillsTable: Loaded 2674 skills.
2015.11.28 23:58:11,249	INFO	1	com.l2jserver.gameserver.GameServer	---------------------------------------------------=[ Items ]
2015.11.28 23:58:20,704	INFO	1	com.l2jserver.gameserver.datatables.ItemTable	ItemTable: Highest item id used:46692
2015.11.28 23:58:20,708	INFO	1	com.l2jserver.gameserver.datatables.ItemTable	ItemTable: Loaded: 20025 Etc Items
2015.11.28 23:58:20,708	INFO	1	com.l2jserver.gameserver.datatables.ItemTable	ItemTable: Loaded: 10168 Armor Items
2015.11.28 23:58:20,708	INFO	1	com.l2jserver.gameserver.datatables.ItemTable	ItemTable: Loaded: 8490 Weapon Items
2015.11.28 23:58:20,709	INFO	1	com.l2jserver.gameserver.datatables.ItemTable	ItemTable: Loaded: 38683 Items in total.
2015.11.28 23:58:20,796	INFO	1	com.l2jserver.util.data.xml.IXmlReader	EnchantItemGroupsData: Loaded: 4 item group templates.
2015.11.28 23:58:20,796	INFO	1	com.l2jserver.util.data.xml.IXmlReader	EnchantItemGroupsData: Loaded: 1 scroll group templates.
2015.11.28 23:58:20,822	INFO	1	com.l2jserver.util.data.xml.IXmlReader	EnchantItemData: Loaded 251 Enchant Scrolls.
2015.11.28 23:58:20,823	INFO	1	com.l2jserver.util.data.xml.IXmlReader	EnchantItemData: Loaded 97 Support Items.
2015.11.28 23:58:20,889	INFO	1	com.l2jserver.util.data.xml.IXmlReader	EnchantItemOptionsData: Loaded: 24 Items and 1107 Options.
2015.11.28 23:58:20,924	INFO	1	com.l2jserver.util.data.xml.IXmlReader	ItemCrystalizationData: Loaded: 170 Items
2015.11.28 23:58:26,432	INFO	1	com.l2jserver.util.data.xml.IXmlReader	OptionData: Loaded: 25035 Options.
2015.11.28 23:58:26,545	INFO	1	com.l2jserver.util.data.xml.IXmlReader	EnchantItemHPBonusData: Loaded 11 Enchant HP Bonuses.
2015.11.28 23:58:26,624	INFO	1	com.l2jserver.gameserver.datatables.MerchantPriceConfigTable	MerchantPriceConfigTable: Loaded 28 merchant price configs.
2015.11.28 23:58:44,390	INFO	1	com.l2jserver.util.data.xml.IXmlReader	BuyListData: Loaded 850 BuyLists.
2015.11.28 23:58:52,967	INFO	1	com.l2jserver.util.data.xml.IXmlReader	MultisellData: Loaded 325 multisell lists.
2015.11.28 23:58:53,090	INFO	1	com.l2jserver.util.data.xml.IXmlReader	RecipeData: Loaded 1611 recipes.
2015.11.28 23:58:53,340	INFO	1	com.l2jserver.util.data.xml.IXmlReader	ArmorSetsData: Loaded 297 Armor sets.
2015.11.28 23:58:53,490	INFO	1	com.l2jserver.util.data.xml.IXmlReader	HennaData: Loaded 440 Henna data.
2015.11.28 23:58:53,583	INFO	1	com.l2jserver.util.data.xml.IXmlReader	FishData: Loaded 321 Fishes.
2015.11.28 23:58:53,628	INFO	1	com.l2jserver.util.data.xml.IXmlReader	FishingMonstersData: Loaded 8 Fishing Monsters.
2015.11.28 23:58:53,663	INFO	1	com.l2jserver.util.data.xml.IXmlReader	FishingRodsData: Loaded 8 Fishing Rods.
2015.11.28 23:58:53,810	INFO	1	com.l2jserver.util.data.xml.IXmlReader	PrimeShopData: Loaded 194 items
2015.11.28 23:58:53,851	INFO	1	com.l2jserver.util.data.xml.IXmlReader	AppearanceItemData: Loaded: 244 Stones
2015.11.28 23:58:54,079	INFO	1	com.l2jserver.gameserver.GameServer	----------------------------------------------=[ Characters ]
2015.11.28 23:58:54,181	INFO	1	com.l2jserver.util.data.xml.IXmlReader	ClassListData: Loaded 157 Class data.
2015.11.28 23:58:54,228	INFO	1	com.l2jserver.util.data.xml.IXmlReader	InitialEquipmentData: Loaded 13 Initial Equipment data.
2015.11.28 23:58:54,292	INFO	1	com.l2jserver.util.data.xml.IXmlReader	InitialShortcutData: Loaded 5 Initial Global Shortcuts data.
2015.11.28 23:58:54,292	INFO	1	com.l2jserver.util.data.xml.IXmlReader	InitialShortcutData: Loaded 5 Initial Shortcuts data.
2015.11.28 23:58:54,293	INFO	1	com.l2jserver.util.data.xml.IXmlReader	InitialShortcutData: Loaded 0 Macros presets.
2015.11.28 23:58:54,322	INFO	1	com.l2jserver.util.data.xml.IXmlReader	ExperienceData: Loaded 107 levels.
2015.11.28 23:58:54,322	INFO	1	com.l2jserver.util.data.xml.IXmlReader	ExperienceData: Max Player Level is: 107
2015.11.28 23:58:54,322	INFO	1	com.l2jserver.util.data.xml.IXmlReader	ExperienceData: Max Pet Level is: 107
2015.11.28 23:58:54,410	INFO	1	com.l2jserver.util.data.xml.IXmlReader	KarmaData: Loaded 107 karma modifiers.
2015.11.28 23:58:54,465	INFO	1	com.l2jserver.util.data.xml.IXmlReader	HitConditionBonusData: Loaded Hit Condition bonuses.
2015.11.28 23:58:57,620	INFO	1	com.l2jserver.gameserver.data.xml.impl.PlayerTemplateData	PlayerTemplateData: Loaded 145 character templates.
2015.11.28 23:58:57,621	INFO	1	com.l2jserver.gameserver.data.xml.impl.PlayerTemplateData	PlayerTemplateData: Loaded 93090 level up gain records.
2015.11.28 23:58:57,644	INFO	1	com.l2jserver.gameserver.data.sql.impl.CharNameTable	CharNameTable: Loaded 3 char names.
2015.11.28 23:58:57,737	INFO	1	com.l2jserver.util.data.xml.IXmlReader	AdminData: Loaded: 10 Access Levels.
2015.11.28 23:58:57,780	INFO	1	com.l2jserver.util.data.xml.IXmlReader	AdminData: Loaded: 439 Access Commands.
2015.11.28 23:58:59,242	INFO	1	com.l2jserver.util.data.xml.IXmlReader	PetDataTable: Loaded 49 Pets.
2015.11.28 23:58:59,269	INFO	1	com.l2jserver.gameserver.GameServer	---------------------------------------------------=[ Clans ]
2015.11.28 23:58:59,355	INFO	1	com.l2jserver.gameserver.communitybbs.Manager.ForumsBBSManager	Loaded 4 forums. Last forum id used: 4
2015.11.28 23:58:59,355	INFO	1	com.l2jserver.gameserver.data.sql.impl.ClanTable	ClanTable: Restored 0 clans from the database.
2015.11.28 23:58:59,371	INFO	1	com.l2jserver.gameserver.instancemanager.CHSiegeManager	CHSiegeManager: Loaded 6 conquerable clan halls.
2015.11.28 23:58:59,426	INFO	1	com.l2jserver.gameserver.instancemanager.ClanHallAuctionManager	ClanHallAuctionManager: Loaded: 38 auction(s)
2015.11.28 23:58:59,428	INFO	1	com.l2jserver.gameserver.instancemanager.ClanHallManager	ClanHallManager: Loaded: 0 clan halls
2015.11.28 23:58:59,428	INFO	1	com.l2jserver.gameserver.instancemanager.ClanHallManager	ClanHallManager: Loaded: 38 free clan halls
2015.11.28 23:58:59,437	INFO	1	com.l2jserver.gameserver.instancemanager.ClanEntryManager	ClanEntryManager: Loaded: 0 clan entry
2015.11.28 23:58:59,438	INFO	1	com.l2jserver.gameserver.instancemanager.ClanEntryManager	ClanEntryManager: Loaded: 0 player in waiting list
2015.11.28 23:58:59,438	INFO	1	com.l2jserver.gameserver.instancemanager.ClanEntryManager	ClanEntryManager: Loaded: 0 player application
2015.11.28 23:58:59,439	INFO	1	com.l2jserver.gameserver.GameServer	-------------------------------------------------=[ Geodata ]
2015.11.28 23:58:59,505	INFO	1	com.l2jserver.gameserver.GeoData	GeoData: Loaded 0 regions.
2015.11.28 23:58:59,506	INFO	1	com.l2jserver.gameserver.GameServer	----------------------------------------------------=[ NPCs ]
2015.11.28 23:58:59,550	INFO	1	com.l2jserver.util.data.xml.IXmlReader	SkillLearnData: Loaded 256 Skill Learn data.
2015.11.28 23:58:59,616	INFO	1	com.l2jserver.util.data.xml.IXmlReader	MinionData: Loaded 128 minions data.
2015.11.28 23:59:07,073	INFO	1	com.l2jserver.util.data.xml.IXmlReader	NpcData: Loaded 13834 NPCs.
2015.11.28 23:59:07,087	INFO	1	com.l2jserver.util.data.xml.IXmlReader	NpcData: Loaded 8 Custom NPCs.
2015.11.28 23:59:07,669	INFO	1	com.l2jserver.util.data.xml.IXmlReader	WalkingManager: Loaded 141 walking routes.
2015.11.28 23:59:07,858	INFO	1	com.l2jserver.util.data.xml.IXmlReader	StaticObjectData: Loaded 51 static object templates.
2015.11.28 23:59:08,448	INFO	1	com.l2jserver.gameserver.instancemanager.GrandBossManager	GrandBossManager: Queen Ant(29001) status is 0.
2015.11.28 23:59:08,449	INFO	1	com.l2jserver.gameserver.instancemanager.GrandBossManager	GrandBossManager: Core(29006) status is 0.
2015.11.28 23:59:08,449	INFO	1	com.l2jserver.gameserver.instancemanager.GrandBossManager	GrandBossManager: Orfen(29014) status is 0.
2015.11.28 23:59:08,449	INFO	1	com.l2jserver.gameserver.instancemanager.GrandBossManager	GrandBossManager: Baium(29020) status is 0.
2015.11.28 23:59:08,449	INFO	1	com.l2jserver.gameserver.instancemanager.GrandBossManager	GrandBossManager: Valakas(29028) status is 0.
2015.11.28 23:59:08,449	INFO	1	com.l2jserver.gameserver.instancemanager.GrandBossManager	GrandBossManager: Antharas(29068) status is 0.
2015.11.28 23:59:08,450	INFO	1	com.l2jserver.gameserver.instancemanager.GrandBossManager	GrandBossManager: Beleth(29118) status is 0.
2015.11.28 23:59:08,450	INFO	1	com.l2jserver.gameserver.instancemanager.GrandBossManager	GrandBossManager: Loaded 7 Instances
2015.11.28 23:59:10,256	INFO	1	com.l2jserver.util.data.xml.IXmlReader	DoorData: Loaded 1428 Door Templates for 23 regions.
2015.11.28 23:59:11,253	INFO	1	com.l2jserver.util.data.xml.IXmlReader	ZoneManager: Loaded 29 zone classes and 2886 zones.
2015.11.28 23:59:11,254	INFO	1	com.l2jserver.util.data.xml.IXmlReader	ZoneManager: Loaded 0 NPC spawn territoriers.
2015.11.28 23:59:11,389	INFO	1	com.l2jserver.gameserver.instancemanager.CastleManager	CastleManager: Loaded: 9 castles
2015.11.28 23:59:11,392	INFO	1	com.l2jserver.gameserver.data.sql.impl.NpcBufferTable	NpcBufferTable: Loaded 2 buffers and 64 skills.
2015.11.28 23:59:11,393	INFO	1	com.l2jserver.gameserver.instancemanager.GrandBossManager	GrandBossManager: Initialized 12 Grand Boss Zones
2015.11.28 23:59:11,412	INFO	1	com.l2jserver.gameserver.GameServer	-----------------------------------------=[ Auction Manager ]
2015.11.28 23:59:11,519	INFO	1	com.l2jserver.gameserver.model.itemauction.ItemAuctionInstance	ItemAuctionInstance: Loaded 82 item(s) and registered 2 auction(s) for instance 32320.
2015.11.28 23:59:11,521	INFO	1	com.l2jserver.gameserver.model.itemauction.ItemAuctionInstance	ItemAuctionInstance: Schedule next auction 6 on 17:00:00 04.12.15 for instance 32320
2015.11.28 23:59:11,524	INFO	1	com.l2jserver.gameserver.model.itemauction.ItemAuctionInstance	ItemAuctionInstance: Loaded 82 item(s) and registered 2 auction(s) for instance 32321.
2015.11.28 23:59:11,524	INFO	1	com.l2jserver.gameserver.model.itemauction.ItemAuctionInstance	ItemAuctionInstance: Schedule next auction 4 on 17:00:00 30.11.15 for instance 32321
2015.11.28 23:59:11,527	INFO	1	com.l2jserver.gameserver.model.itemauction.ItemAuctionInstance	ItemAuctionInstance: Loaded 82 item(s) and registered 2 auction(s) for instance 32322.
2015.11.28 23:59:11,527	INFO	1	com.l2jserver.gameserver.model.itemauction.ItemAuctionInstance	ItemAuctionInstance: Schedule next auction 5 on 17:00:00 02.12.15 for instance 32322
2015.11.28 23:59:11,527	INFO	1	com.l2jserver.gameserver.instancemanager.ItemAuctionManager	ItemAuctionManager: Loaded 3 instance(s).
2015.11.28 23:59:11,527	INFO	1	com.l2jserver.gameserver.GameServer	------------------------------------------------=[ Olympiad ]
2015.11.28 23:59:11,534	INFO	1	com.l2jserver.gameserver.model.olympiad.Olympiad	Olympiad System: Loading Olympiad System....
2015.11.28 23:59:11,534	INFO	1	com.l2jserver.gameserver.model.olympiad.Olympiad	Olympiad System: Currently in Olympiad Period
2015.11.28 23:59:11,534	INFO	1	com.l2jserver.gameserver.model.olympiad.Olympiad	Olympiad System: 3600 minutes until period ends
2015.11.28 23:59:11,535	INFO	1	com.l2jserver.gameserver.model.olympiad.Olympiad	Olympiad System: Next weekly change is in 10001 minutes
2015.11.28 23:59:11,535	INFO	1	com.l2jserver.gameserver.model.olympiad.Olympiad	Olympiad System: Loaded 0 Nobles
2015.11.28 23:59:11,567	INFO	1	com.l2jserver.gameserver.model.olympiad.Olympiad	Olympiad System: Competition Period Starts in 0 days, 0 hours and 0 mins.
2015.11.28 23:59:11,591	INFO	1	com.l2jserver.gameserver.model.olympiad.Olympiad	Olympiad System: Event starts/started : Sat Nov 28 18:00:11 CET 2015
2015.11.28 23:59:11,596	INFO	1	com.l2jserver.gameserver.model.entity.Hero	Hero System: Loaded 0 Heroes.
2015.11.28 23:59:11,596	INFO	1	com.l2jserver.gameserver.model.entity.Hero	Hero System: Loaded 0 all time Heroes.
2015.11.28 23:59:11,596	INFO	1	com.l2jserver.gameserver.GameServer	---------------------------------------------------=[ Cache ]
2015.11.28 23:59:11,621	INFO	1	com.l2jserver.gameserver.cache.HtmCache	Html cache start...
2015.11.28 23:59:11,780	INFO	19	com.l2jserver.gameserver.model.olympiad.Olympiad	Olympiad System: Olympiad Game Started
2015.11.28 23:59:11,785	INFO	19	com.l2jserver.gameserver.model.olympiad.OlympiadGameManager	Olympiad System: Loaded 160 stadiums.
2015.11.29 00:00:04,721	INFO	1	com.l2jserver.gameserver.cache.HtmCache	Cache[HTML]: 5,715 megabytes on 10402 files loaded
2015.11.29 00:00:04,724	INFO	1	com.l2jserver.gameserver.data.sql.impl.CrestTable	CrestTable: Loaded 0 Crests.
2015.11.29 00:00:04,732	INFO	1	com.l2jserver.gameserver.data.sql.impl.TeleportLocationTable	TeleportLocationTable: Loaded 1010 Teleport Location Templates.
2015.11.29 00:00:04,917	INFO	1	com.l2jserver.util.data.xml.IXmlReader	Loaded: 21 npc teleporters.
2015.11.29 00:00:04,961	INFO	1	com.l2jserver.gameserver.data.xml.impl.UIData	UIData: Loaded 4 keys 5 categories.
2015.11.29 00:00:05,195	INFO	1	com.l2jserver.gameserver.datatables.AugmentationData	AugmentationData: Loaded: 40756 augmentations.
2015.11.29 00:00:05,196	INFO	1	com.l2jserver.gameserver.datatables.AugmentationData	AugmentationData: Loaded: 3060 accessory augmentations.
2015.11.29 00:00:05,217	INFO	1	com.l2jserver.gameserver.instancemanager.CursedWeaponsManager	CursedWeaponsManager: Loaded : 2 cursed weapon(s).
2015.11.29 00:00:07,189	INFO	1	com.l2jserver.util.data.xml.IXmlReader	TransformData: Loaded: 124 transform templates.
2015.11.29 00:00:07,331	INFO	1	com.l2jserver.gameserver.datatables.BotReportTable	BotReportTable: Loaded 0 bot reports
2015.11.29 00:00:07,402	INFO	1	com.l2jserver.util.data.xml.IXmlReader	DailyMissionData: Loaded 91 daily missions.
2015.11.29 00:00:07,402	INFO	1	com.l2jserver.gameserver.GameServer	-------------------------------------------------=[ Scripts ]
2015.11.29 00:00:07,407	INFO	1	com.l2jserver.gameserver.instancemanager.AirShipManager	AirShipManager: Loaded 0 private airships
2015.11.29 00:00:07,479	INFO	1	com.l2jserver.util.data.xml.IXmlReader	ShuttleData: Loaded: 3 Shuttles.
2015.11.29 00:00:07,533	INFO	1	com.l2jserver.gameserver.instancemanager.JumpManager	JumpManager: Loaded 32 Jump Routes.
2015.11.29 00:00:07,534	INFO	1	com.l2jserver.gameserver.GameServer	GameServer: Loading server scripts:
2015.11.29 00:00:11,569	INFO	53	com.l2jserver.gameserver.model.olympiad.Olympiad	Olympiad System: Olympiad Game Ended
2015.11.29 00:00:11,574	INFO	53	com.l2jserver.gameserver.model.olympiad.Olympiad	Olympiad System: Competition Period Starts in 0 days, 17 hours and 59 mins.
2015.11.29 00:00:11,574	INFO	53	com.l2jserver.gameserver.model.olympiad.Olympiad	Olympiad System: Event starts/started : Sun Nov 29 18:00:11 CET 2015
2015.11.29 00:00:11,762	INFO	1	handlers.MasterHandler	Loading Handlers...
2015.11.29 00:00:11,875	INFO	1	handlers.MasterHandler	ActionHandler: Loaded 10 Handlers
2015.11.29 00:00:11,875	INFO	1	handlers.MasterHandler	ActionShiftHandler: Loaded 6 Handlers
2015.11.29 00:00:11,875	INFO	1	handlers.MasterHandler	AdminCommandHandler: Loaded 436 Handlers
2015.11.29 00:00:11,876	INFO	1	handlers.MasterHandler	BypassHandler: Loaded 42 Handlers
2015.11.29 00:00:11,876	INFO	1	handlers.MasterHandler	ChatHandler: Loaded 14 Handlers
2015.11.29 00:00:11,876	INFO	1	handlers.MasterHandler	CommunityBoardHandler: Loaded 19 Handlers
2015.11.29 00:00:11,876	INFO	1	handlers.MasterHandler	ItemHandler: Loaded 32 Handlers
2015.11.29 00:00:11,876	INFO	1	handlers.MasterHandler	PunishmentHandler: Loaded 3 Handlers
2015.11.29 00:00:11,876	INFO	1	handlers.MasterHandler	UserCommandHandler: Loaded 16 Handlers
2015.11.29 00:00:11,876	INFO	1	handlers.MasterHandler	VoicedCommandHandler: Loaded 5 Handlers
2015.11.29 00:00:11,877	INFO	1	handlers.MasterHandler	TargetHandler: Loaded 35 Handlers
2015.11.29 00:00:11,877	INFO	1	handlers.MasterHandler	TelnetHandler: Loaded 20 Handlers
2015.11.29 00:00:11,877	INFO	1	handlers.MasterHandler	Handlers Loaded...
2015.11.29 00:00:19,703	INFO	1	com.l2jserver.util.data.xml.IXmlReader	MentorGuide: Loaded: 41 mentee coins
2015.11.29 00:00:20,780	INFO	1	com.l2jserver.util.data.xml.IXmlReader	NpcBuffersData: Loaded: 40 buffers data.
2015.11.29 00:00:29,643	INFO	1	com.l2jserver.gameserver.model.events.AbstractScript	Handy's Block Checker Event is enabled
2015.11.29 00:00:29,812	INFO	1	com.l2jserver.gameserver.model.events.AbstractScript	Fantasy Isle: Parade starting at 2015/11/29 01:20 and is scheduled each next 1 hours.
2015.11.29 00:00:48,367	INFO	1	instances.InstanceLoader	InstanceLoader: Loading Instances scripts.
2015.11.29 00:00:48,995	INFO	1	gracia.GraciaLoader	GraciaLoader: Loading Gracia related scripts.
2015.11.29 00:00:53,291	INFO	1	com.l2jserver.gameserver.model.events.AbstractScript	[EnhanceYourWeapon] Loaded 54 Soul Crystal data.
2015.11.29 00:00:53,292	INFO	1	com.l2jserver.gameserver.model.events.AbstractScript	[EnhanceYourWeapon] Loaded 240 npc Leveling info data.
2015.11.29 00:00:55,358	CONFIG	1	conquerablehalls.flagwar.BanditStronghold.BanditStronghold	Bandit StrongHold siege scheduled for Sat Dec 05 12:00:00 CET 2015.
2015.11.29 00:00:55,516	CONFIG	1	conquerablehalls.flagwar.WildBeastReserve.WildBeastReserve	Beast Farm siege scheduled for Sat Dec 05 12:00:00 CET 2015.
2015.11.29 00:00:55,689	CONFIG	1	conquerablehalls.DevastatedCastle.DevastatedCastle	Devastated Castle siege scheduled for Sat Dec 05 12:00:00 CET 2015.
2015.11.29 00:00:55,836	CONFIG	1	conquerablehalls.FortressOfResistance.FortressOfResistance	Fortress of Resistance siege scheduled for Sat Dec 05 12:00:00 CET 2015.
2015.11.29 00:00:55,997	CONFIG	1	conquerablehalls.FortressOfTheDead.FortressOfTheDead	Fortresss of the Dead siege scheduled for Sat Dec 05 12:00:00 CET 2015.
2015.11.29 00:00:56,131	CONFIG	1	conquerablehalls.RainbowSpringsChateau.RainbowSpringsChateau	Rainbow Springs siege scheduled for Sat Dec 05 12:00:00 CET 2015.
2015.11.29 00:00:57,945	INFO	1	com.l2jserver.gameserver.datatables.SpawnTable	SpawnTable: Loaded 3577 npc spawns.
2015.11.29 00:00:57,957	INFO	1	com.l2jserver.gameserver.datatables.SpawnTable	SpawnTable: Loaded 16 custom npc spawns.
2015.11.29 00:00:58,152	INFO	1	com.l2jserver.gameserver.datatables.SpawnTable	SpawnTable: Loaded 1190 npc spawns from XML.
2015.11.29 00:00:58,153	INFO	1	com.l2jserver.gameserver.instancemanager.DayNightSpawnManager	DayNightSpawnManager: Removed 0 day creatures
2015.11.29 00:00:58,164	INFO	1	com.l2jserver.gameserver.instancemanager.DayNightSpawnManager	DayNightSpawnManager: Spawned 1162 night creatures
2015.11.29 00:00:58,195	INFO	1	com.l2jserver.gameserver.instancemanager.RaidBossSpawnManager	RaidBossSpawnManager: Loaded 187 Instances
2015.11.29 00:00:58,196	INFO	1	com.l2jserver.gameserver.instancemanager.RaidBossSpawnManager	RaidBossSpawnManager: Scheduled 0 Instances
2015.11.29 00:00:58,206	INFO	1	com.l2jserver.gameserver.instancemanager.FourSepulchersManager	FourSepulchersManager: loaded 20 Mysterious-Box spawns.
2015.11.29 00:00:58,235	INFO	1	com.l2jserver.gameserver.instancemanager.FourSepulchersManager	FourSepulchersManager: loaded 716 Physical type monsters spawns.
2015.11.29 00:00:58,268	INFO	1	com.l2jserver.gameserver.instancemanager.FourSepulchersManager	FourSepulchersManager: loaded 716 Magical type monsters spawns.
2015.11.29 00:00:58,274	INFO	1	com.l2jserver.gameserver.instancemanager.FourSepulchersManager	FourSepulchersManager: loaded 92 Church of duke monsters spawns.
2015.11.29 00:00:58,281	INFO	1	com.l2jserver.gameserver.instancemanager.FourSepulchersManager	FourSepulchersManager: loaded 68 Emperor's grave NPC spawns.
2015.11.29 00:00:58,281	INFO	1	com.l2jserver.gameserver.instancemanager.FourSepulchersManager	FourSepulchersManager: spawned Conquerors' Sepulcher Manager
2015.11.29 00:00:58,282	INFO	1	com.l2jserver.gameserver.instancemanager.FourSepulchersManager	FourSepulchersManager: spawned Sepulcher of Rulers Manager
2015.11.29 00:00:58,282	INFO	1	com.l2jserver.gameserver.instancemanager.FourSepulchersManager	FourSepulchersManager: spawned Great Sages' Sepulcher Manager
2015.11.29 00:00:58,282	INFO	1	com.l2jserver.gameserver.instancemanager.FourSepulchersManager	FourSepulchersManager: spawned Judges' Sepulcher Manager
2015.11.29 00:00:58,283	INFO	1	com.l2jserver.gameserver.instancemanager.FourSepulchersManager	FourSepulchersManager: Beginning in Attack time
2015.11.29 00:00:58,283	INFO	1	com.l2jserver.gameserver.GameServer	---------------------------------------------------=[ Siege ]
2015.11.29 00:00:58,329	INFO	1	com.l2jserver.gameserver.model.entity.Siege	Siege of Gludio: Sun Nov 29 16:00:00 CET 2015
2015.11.29 00:00:58,331	INFO	1	com.l2jserver.gameserver.model.entity.Siege	Siege of Dion: Sun Nov 29 16:00:00 CET 2015
2015.11.29 00:00:58,331	INFO	1	com.l2jserver.gameserver.model.entity.Siege	Siege of Giran: Sun Nov 29 16:00:00 CET 2015
2015.11.29 00:00:58,332	INFO	1	com.l2jserver.gameserver.model.entity.Siege	Siege of Oren: Sun Nov 29 16:00:00 CET 2015
2015.11.29 00:00:58,332	INFO	1	com.l2jserver.gameserver.model.entity.Siege	Siege of Aden: Sun Nov 29 16:00:00 CET 2015
2015.11.29 00:00:58,333	INFO	1	com.l2jserver.gameserver.model.entity.Siege	Siege of Innadril: Sun Nov 29 20:00:00 CET 2015
2015.11.29 00:00:58,333	INFO	1	com.l2jserver.gameserver.model.entity.Siege	Siege of Goddard: Sun Nov 29 20:00:00 CET 2015
2015.11.29 00:00:58,334	INFO	1	com.l2jserver.gameserver.model.entity.Siege	Siege of Rune: Sun Nov 29 20:00:00 CET 2015
2015.11.29 00:00:58,334	INFO	1	com.l2jserver.gameserver.model.entity.Siege	Siege of Schuttgart: Sun Nov 29 20:00:00 CET 2015
2015.11.29 00:00:58,453	INFO	1	com.l2jserver.gameserver.instancemanager.FortManager	FortManager: Loaded: 20 fortress
2015.11.29 00:00:59,019	INFO	1	com.l2jserver.util.data.xml.IXmlReader	SiegeScheduleData: Loaded: 2 siege schedulers.
2015.11.29 00:00:59,118	INFO	1	com.l2jserver.util.data.xml.IXmlReader	CastleManorManager: Loaded 258 seeds.
2015.11.29 00:00:59,125	INFO	1	com.l2jserver.util.data.xml.IXmlReader	CastleManorManager: Manor data loaded.
2015.11.29 00:00:59,128	INFO	1	com.l2jserver.gameserver.instancemanager.MercTicketManager	MercTicketManager: Loaded: 0 Mercenary Tickets
2015.11.29 00:00:59,129	INFO	1	com.l2jserver.gameserver.instancemanager.QuestManager	QuestManager: Loaded: 226 quests.
2015.11.29 00:00:59,129	INFO	1	com.l2jserver.gameserver.instancemanager.QuestManager	QuestManager: Loaded: 260 scripts.
2015.11.29 00:00:59,213	INFO	1	com.l2jserver.gameserver.script.faenor.FaenorEventParser	Event ID: (Valentines Event) has passed... Ignored.
2015.11.29 00:00:59,213	INFO	1	com.l2jserver.gameserver.script.faenor.FaenorScriptEngine	FaenorScriptEngine: Loaded  Valentines.xml successfully.
2015.11.29 00:00:59,213	INFO	1	com.l2jserver.gameserver.GameServer	AutoSpawnHandler: Loaded 6 handlers in total.
2015.11.29 00:00:59,224	INFO	1	com.l2jserver.gameserver.taskmanager.TaskManager	TaskManager: Loaded: 12 Tasks
2015.11.29 00:00:59,226	INFO	1	com.l2jserver.gameserver.instancemanager.MailManager	MailManager: Successfully loaded 0 messages.
2015.11.29 00:00:59,229	INFO	1	com.l2jserver.gameserver.instancemanager.PunishmentManager	PunishmentManager: Loaded 0 active and 0 expired punishments.
2015.11.29 00:00:59,230	INFO	1	com.l2jserver.gameserver.GameServer	IdFactory: Free ObjectID's remaining: 1878997271
2015.11.29 00:00:59,231	INFO	1	com.l2jserver.gameserver.model.entity.TvTManager	TvTEventEngine[TvTManager.TvTManager()]: Engine is disabled.
2015.11.29 00:00:59,234	INFO	1	com.l2jserver.gameserver.data.sql.impl.OfflineTradersTable	OfflineTradersTable: Loading offline traders...
2015.11.29 00:00:59,235	INFO	1	com.l2jserver.gameserver.data.sql.impl.OfflineTradersTable	OfflineTradersTable: Loaded: 0 offline trader(s)
2015.11.29 00:01:00,622	INFO	1	com.l2jserver.gameserver.GameServer	GameServer: Started, using 507 of 989 MB total memory.
2015.11.29 00:01:00,625	INFO	1	com.l2jserver.gameserver.GameServer	GameServer: Geodata use 0 MB of memory.
2015.11.29 00:01:00,627	INFO	1	com.l2jserver.gameserver.GameServer	GameServer: Maximum number of connected players is 2000.
2015.11.29 00:01:00,628	INFO	1	com.l2jserver.gameserver.GameServer	GameServer: Server loaded in 188 seconds.
2015.11.29 00:01:00,856	INFO	1	com.l2jserver.gameserver.GameServer	GameServer: is now listening on: *:7777
2015.11.29 00:01:00,917	INFO	428	com.l2jserver.gameserver.LoginServerThread	Connecting to login on 127.0.0.1:9014
2015.11.29 00:01:33,667	INFO	428	com.l2jserver.gameserver.LoginServerThread	Registered on login as Server 14 : Phoenix
2015.11.29 00:02:06,191	WARNING	438	com.l2jserver.gameserver.model.actor.L2Character	Master access level set for character Helius! Just a warning to be careful ;)
2015.11.29 00:04:30,005	INFO	440	handlers.MasterHandler	Loading Handlers...
2015.11.29 00:04:30,044	INFO	440	handlers.MasterHandler	ActionHandler: Loaded 10 Handlers
2015.11.29 00:04:30,044	INFO	440	handlers.MasterHandler	ActionShiftHandler: Loaded 6 Handlers
2015.11.29 00:04:30,044	INFO	440	handlers.MasterHandler	AdminCommandHandler: Loaded 436 Handlers
2015.11.29 00:04:30,045	INFO	440	handlers.MasterHandler	BypassHandler: Loaded 51 Handlers
2015.11.29 00:04:30,045	INFO	440	handlers.MasterHandler	ChatHandler: Loaded 14 Handlers
2015.11.29 00:04:30,045	INFO	440	handlers.MasterHandler	CommunityBoardHandler: Loaded 19 Handlers
2015.11.29 00:04:30,045	INFO	440	handlers.MasterHandler	ItemHandler: Loaded 32 Handlers
2015.11.29 00:04:30,045	INFO	440	handlers.MasterHandler	PunishmentHandler: Loaded 3 Handlers
2015.11.29 00:04:30,046	INFO	440	handlers.MasterHandler	UserCommandHandler: Loaded 16 Handlers
2015.11.29 00:04:30,046	INFO	440	handlers.MasterHandler	VoicedCommandHandler: Loaded 5 Handlers
2015.11.29 00:04:30,046	INFO	440	handlers.MasterHandler	TargetHandler: Loaded 35 Handlers
2015.11.29 00:04:30,046	INFO	440	handlers.MasterHandler	TelnetHandler: Loaded 20 Handlers
2015.11.29 00:04:30,046	INFO	440	handlers.MasterHandler	Handlers Loaded...
2015.11.29 00:10:15,106	INFO	440	com.l2jserver.gameserver.engines.DocumentEngine	DocumentEngine: Loaded 89703 Skill templates from XML files.
2015.11.29 00:10:16,348	INFO	440	com.l2jserver.util.data.xml.IXmlReader	SkillTreesData: Loaded 27675 Class Skills for 145 Class Skill Trees.
2015.11.29 00:10:16,348	INFO	440	com.l2jserver.util.data.xml.IXmlReader	SkillTreesData: Loaded 24 Sub-Class Skills.
2015.11.29 00:10:16,348	INFO	440	com.l2jserver.util.data.xml.IXmlReader	SkillTreesData: Loaded 38 Dual-Class Skills.
2015.11.29 00:10:16,349	INFO	440	com.l2jserver.util.data.xml.IXmlReader	SkillTreesData: Loaded 105 Transfer Skills for 3 Transfer Skill Trees.
2015.11.29 00:10:16,349	INFO	440	com.l2jserver.util.data.xml.IXmlReader	SkillTreesData: Loaded 14 Race skills for 6 Race Skill Trees.
2015.11.29 00:10:16,349	INFO	440	com.l2jserver.util.data.xml.IXmlReader	SkillTreesData: Loaded 35 Fishing Skills, 8 Dwarven only Fishing Skills.
2015.11.29 00:10:16,350	INFO	440	com.l2jserver.util.data.xml.IXmlReader	SkillTreesData: Loaded 3 Collect Skills.
2015.11.29 00:10:16,350	INFO	440	com.l2jserver.util.data.xml.IXmlReader	SkillTreesData: Loaded 172 Pledge Skills, 142 for Pledge and 30 Residential.
2015.11.29 00:10:16,350	INFO	440	com.l2jserver.util.data.xml.IXmlReader	SkillTreesData: Loaded 18 Sub-Pledge Skills.
2015.11.29 00:10:16,350	INFO	440	com.l2jserver.util.data.xml.IXmlReader	SkillTreesData: Loaded 32 Transform Skills.
2015.11.29 00:10:16,350	INFO	440	com.l2jserver.util.data.xml.IXmlReader	SkillTreesData: Loaded 8 Noble Skills.
2015.11.29 00:10:16,350	INFO	440	com.l2jserver.util.data.xml.IXmlReader	SkillTreesData: Loaded 5 Hero Skills.
2015.11.29 00:10:16,350	INFO	440	com.l2jserver.util.data.xml.IXmlReader	SkillTreesData: Loaded 46 Game Master Skills.
2015.11.29 00:10:16,350	INFO	440	com.l2jserver.util.data.xml.IXmlReader	SkillTreesData: Loaded 46 Game Master Aura Skills.
2015.11.29 00:10:16,350	INFO	440	com.l2jserver.util.data.xml.IXmlReader	SkillTreesData: Loaded 138 Ability Skills.
2015.11.29 00:10:16,350	INFO	440	com.l2jserver.util.data.xml.IXmlReader	SkillTreesData: Loaded 120 Alchemy Skills.
2015.11.29 00:10:16,351	INFO	440	com.l2jserver.util.data.xml.IXmlReader	SkillTreesData: Loaded 20 Revelation Skills.
2015.11.29 00:10:16,351	INFO	440	com.l2jserver.util.data.xml.IXmlReader	SkillTreesData: Loaded 4 Subclass change Skills.
2015.11.29 00:10:47,256	WARNING	436	com.l2jserver.gameserver.model.actor.L2Character	Master access level set for character Helius! Just a warning to be careful ;)
