2015.11.29 16:35:53,532	INFO	1	com.l2jserver.gameserver.GameServer	-----------------------------------=[ Network Configuration ]
2015.11.29 16:35:53,556	INFO	1	com.l2jserver.util.data.xml.IXmlReader	Using automatic network configuration.
2015.11.29 16:35:54,067	INFO	1	com.l2jserver.util.data.xml.IXmlReader	Adding new subnet: 127.0.0.0/8 address: 127.0.0.1
2015.11.29 16:35:54,078	INFO	1	com.l2jserver.util.data.xml.IXmlReader	Adding new subnet: 192.168.1.0/24 address: 192.168.1.110
2015.11.29 16:35:54,094	INFO	1	com.l2jserver.util.data.xml.IXmlReader	Adding new subnet: 0.0.0.0/0 address: 2.236.77.146
2015.11.29 16:35:54,128	INFO	1	com.l2jserver.Config	Loaded 6 Filter Words.
2015.11.29 16:35:54,130	INFO	1	com.l2jserver.gameserver.GameServer	------------------------------------------------=[ Database ]
2015.11.29 16:35:54,729	INFO	1	com.l2jserver.gameserver.idfactory.BitSetIDFactory	Updated characters online status.
2015.11.29 16:35:55,007	INFO	1	com.l2jserver.gameserver.idfactory.BitSetIDFactory	Cleaned 0 elements from database in 0 s
2015.11.29 16:35:55,042	INFO	1	com.l2jserver.gameserver.idfactory.BitSetIDFactory	Cleaned 0 expired timestamps from database.
2015.11.29 16:35:55,050	INFO	1	com.l2jserver.gameserver.idfactory.BitSetIDFactory	BitSetIDFactory: 102912 id's available.
2015.11.29 16:35:55,051	INFO	1	com.l2jserver.gameserver.GameServer	-------------------------------------------------=[ Engines ]
2015.11.29 16:35:55,059	INFO	1	com.l2jserver.gameserver.scripting.L2ScriptEngineManager	Script Engine: java 1.8 - Language: java - Language Version: 1.8
2015.11.29 16:35:55,059	INFO	1	com.l2jserver.gameserver.GameServer	---------------------------------------------------=[ World ]
2015.11.29 16:35:55,060	CONFIG	21	com.l2jserver.gameserver.GameTimeController	GameTimeController: Started.
2015.11.29 16:35:55,070	INFO	1	com.l2jserver.util.data.xml.IXmlReader	InstanceManager: Multiverse Instance created.
2015.11.29 16:35:55,070	INFO	1	com.l2jserver.util.data.xml.IXmlReader	InstanceManager: Universe Instance created.
2015.11.29 16:35:55,204	INFO	1	com.l2jserver.util.data.xml.IXmlReader	InstanceManager: Loaded 263 instance names.
2015.11.29 16:35:55,238	INFO	1	com.l2jserver.gameserver.model.L2World	L2World: (144 by 136) World Region Grid set up.
2015.11.29 16:35:56,341	INFO	1	com.l2jserver.util.data.xml.IXmlReader	MapRegionManager: Loaded 59 map regions.
2015.11.29 16:35:56,347	INFO	1	com.l2jserver.gameserver.instancemanager.GlobalVariablesManager	GlobalVariablesManager: Loaded 5 variables.
2015.11.29 16:35:56,347	INFO	1	com.l2jserver.gameserver.GameServer	----------------------------------------------------=[ Data ]
2015.11.29 16:35:56,491	INFO	1	com.l2jserver.gameserver.data.xml.impl.CategoryData	CategoryData: Loaded 142 Categories.
2015.11.29 16:35:56,542	INFO	1	com.l2jserver.util.data.xml.IXmlReader	SecondaryAuthData: Loaded 328 forbidden passwords.
2015.11.29 16:35:56,550	INFO	1	com.l2jserver.util.data.xml.IXmlReader	AbilityPointsData: Loaded: 4 range fees.
2015.11.29 16:35:56,550	INFO	1	com.l2jserver.gameserver.GameServer	-------------------------------------------------=[ Effects ]
2015.11.29 16:36:01,226	INFO	1	handlers.EffectMasterHandler	EffectMasterHandler: Loaded 175 effect handlers.
2015.11.29 16:36:01,226	INFO	1	com.l2jserver.gameserver.GameServer	------------------------------------=[ Enchant Skill Groups ]
2015.11.29 16:36:01,333	INFO	1	com.l2jserver.util.data.xml.IXmlReader	EnchantSkillGroupsData: Loaded 5 groups and 100 routes.
2015.11.29 16:36:01,334	INFO	1	com.l2jserver.gameserver.GameServer	---------------------------------------------=[ Skill Trees ]
2015.11.29 16:36:02,600	INFO	1	com.l2jserver.util.data.xml.IXmlReader	SkillTreesData: Loaded 27675 Class Skills for 145 Class Skill Trees.
2015.11.29 16:36:02,601	INFO	1	com.l2jserver.util.data.xml.IXmlReader	SkillTreesData: Loaded 24 Sub-Class Skills.
2015.11.29 16:36:02,602	INFO	1	com.l2jserver.util.data.xml.IXmlReader	SkillTreesData: Loaded 38 Dual-Class Skills.
2015.11.29 16:36:02,602	INFO	1	com.l2jserver.util.data.xml.IXmlReader	SkillTreesData: Loaded 105 Transfer Skills for 3 Transfer Skill Trees.
2015.11.29 16:36:02,603	INFO	1	com.l2jserver.util.data.xml.IXmlReader	SkillTreesData: Loaded 14 Race skills for 6 Race Skill Trees.
2015.11.29 16:36:02,604	INFO	1	com.l2jserver.util.data.xml.IXmlReader	SkillTreesData: Loaded 35 Fishing Skills, 8 Dwarven only Fishing Skills.
2015.11.29 16:36:02,604	INFO	1	com.l2jserver.util.data.xml.IXmlReader	SkillTreesData: Loaded 3 Collect Skills.
2015.11.29 16:36:02,604	INFO	1	com.l2jserver.util.data.xml.IXmlReader	SkillTreesData: Loaded 172 Pledge Skills, 142 for Pledge and 30 Residential.
2015.11.29 16:36:02,605	INFO	1	com.l2jserver.util.data.xml.IXmlReader	SkillTreesData: Loaded 18 Sub-Pledge Skills.
2015.11.29 16:36:02,606	INFO	1	com.l2jserver.util.data.xml.IXmlReader	SkillTreesData: Loaded 32 Transform Skills.
2015.11.29 16:36:02,606	INFO	1	com.l2jserver.util.data.xml.IXmlReader	SkillTreesData: Loaded 8 Noble Skills.
2015.11.29 16:36:02,607	INFO	1	com.l2jserver.util.data.xml.IXmlReader	SkillTreesData: Loaded 5 Hero Skills.
2015.11.29 16:36:02,607	INFO	1	com.l2jserver.util.data.xml.IXmlReader	SkillTreesData: Loaded 46 Game Master Skills.
2015.11.29 16:36:02,608	INFO	1	com.l2jserver.util.data.xml.IXmlReader	SkillTreesData: Loaded 46 Game Master Aura Skills.
2015.11.29 16:36:02,608	INFO	1	com.l2jserver.util.data.xml.IXmlReader	SkillTreesData: Loaded 138 Ability Skills.
2015.11.29 16:36:02,608	INFO	1	com.l2jserver.util.data.xml.IXmlReader	SkillTreesData: Loaded 120 Alchemy Skills.
2015.11.29 16:36:02,609	INFO	1	com.l2jserver.util.data.xml.IXmlReader	SkillTreesData: Loaded 20 Revelation Skills.
2015.11.29 16:36:02,609	INFO	1	com.l2jserver.util.data.xml.IXmlReader	SkillTreesData: Loaded 4 Subclass change Skills.
2015.11.29 16:36:02,610	INFO	1	com.l2jserver.gameserver.GameServer	--------------------------------------------------=[ Skills ]
2015.11.29 16:36:09,150	INFO	1	com.l2jserver.gameserver.engines.DocumentEngine	DocumentEngine: Loaded 89703 Skill templates from XML files.
2015.11.29 16:36:09,216	INFO	1	com.l2jserver.gameserver.data.sql.impl.SummonSkillsTable	SummonSkillsTable: Loaded 2674 skills.
2015.11.29 16:36:09,216	INFO	1	com.l2jserver.gameserver.GameServer	---------------------------------------------------=[ Items ]
2015.11.29 16:36:18,261	INFO	1	com.l2jserver.gameserver.datatables.ItemTable	ItemTable: Highest item id used:46692
2015.11.29 16:36:18,265	INFO	1	com.l2jserver.gameserver.datatables.ItemTable	ItemTable: Loaded: 20025 Etc Items
2015.11.29 16:36:18,265	INFO	1	com.l2jserver.gameserver.datatables.ItemTable	ItemTable: Loaded: 10168 Armor Items
2015.11.29 16:36:18,266	INFO	1	com.l2jserver.gameserver.datatables.ItemTable	ItemTable: Loaded: 8490 Weapon Items
2015.11.29 16:36:18,266	INFO	1	com.l2jserver.gameserver.datatables.ItemTable	ItemTable: Loaded: 38683 Items in total.
2015.11.29 16:36:18,309	INFO	1	com.l2jserver.util.data.xml.IXmlReader	EnchantItemGroupsData: Loaded: 4 item group templates.
2015.11.29 16:36:18,309	INFO	1	com.l2jserver.util.data.xml.IXmlReader	EnchantItemGroupsData: Loaded: 1 scroll group templates.
2015.11.29 16:36:18,372	INFO	1	com.l2jserver.util.data.xml.IXmlReader	EnchantItemData: Loaded 251 Enchant Scrolls.
2015.11.29 16:36:18,372	INFO	1	com.l2jserver.util.data.xml.IXmlReader	EnchantItemData: Loaded 97 Support Items.
2015.11.29 16:36:18,436	INFO	1	com.l2jserver.util.data.xml.IXmlReader	EnchantItemOptionsData: Loaded: 24 Items and 1107 Options.
2015.11.29 16:36:18,471	INFO	1	com.l2jserver.util.data.xml.IXmlReader	ItemCrystalizationData: Loaded: 170 Items
2015.11.29 16:36:23,679	INFO	1	com.l2jserver.util.data.xml.IXmlReader	OptionData: Loaded: 25035 Options.
2015.11.29 16:36:23,719	INFO	1	com.l2jserver.util.data.xml.IXmlReader	EnchantItemHPBonusData: Loaded 11 Enchant HP Bonuses.
2015.11.29 16:36:23,738	INFO	1	com.l2jserver.gameserver.datatables.MerchantPriceConfigTable	MerchantPriceConfigTable: Loaded 28 merchant price configs.
2015.11.29 16:36:36,814	INFO	1	com.l2jserver.util.data.xml.IXmlReader	BuyListData: Loaded 850 BuyLists.
2015.11.29 16:36:42,675	INFO	1	com.l2jserver.util.data.xml.IXmlReader	MultisellData: Loaded 325 multisell lists.
2015.11.29 16:36:42,796	INFO	1	com.l2jserver.util.data.xml.IXmlReader	RecipeData: Loaded 1611 recipes.
2015.11.29 16:36:42,964	INFO	1	com.l2jserver.util.data.xml.IXmlReader	ArmorSetsData: Loaded 297 Armor sets.
2015.11.29 16:36:43,071	INFO	1	com.l2jserver.util.data.xml.IXmlReader	HennaData: Loaded 440 Henna data.
2015.11.29 16:36:43,130	INFO	1	com.l2jserver.util.data.xml.IXmlReader	FishData: Loaded 321 Fishes.
2015.11.29 16:36:43,174	INFO	1	com.l2jserver.util.data.xml.IXmlReader	FishingMonstersData: Loaded 8 Fishing Monsters.
2015.11.29 16:36:43,209	INFO	1	com.l2jserver.util.data.xml.IXmlReader	FishingRodsData: Loaded 8 Fishing Rods.
2015.11.29 16:36:43,274	INFO	1	com.l2jserver.util.data.xml.IXmlReader	PrimeShopData: Loaded 194 items
2015.11.29 16:36:43,308	INFO	1	com.l2jserver.util.data.xml.IXmlReader	AppearanceItemData: Loaded: 244 Stones
2015.11.29 16:36:43,450	INFO	1	com.l2jserver.gameserver.GameServer	----------------------------------------------=[ Characters ]
2015.11.29 16:36:43,517	INFO	1	com.l2jserver.util.data.xml.IXmlReader	ClassListData: Loaded 157 Class data.
2015.11.29 16:36:43,562	INFO	1	com.l2jserver.util.data.xml.IXmlReader	InitialEquipmentData: Loaded 13 Initial Equipment data.
2015.11.29 16:36:43,594	INFO	1	com.l2jserver.util.data.xml.IXmlReader	InitialShortcutData: Loaded 5 Initial Global Shortcuts data.
2015.11.29 16:36:43,594	INFO	1	com.l2jserver.util.data.xml.IXmlReader	InitialShortcutData: Loaded 5 Initial Shortcuts data.
2015.11.29 16:36:43,594	INFO	1	com.l2jserver.util.data.xml.IXmlReader	InitialShortcutData: Loaded 0 Macros presets.
2015.11.29 16:36:43,657	INFO	1	com.l2jserver.util.data.xml.IXmlReader	ExperienceData: Loaded 107 levels.
2015.11.29 16:36:43,657	INFO	1	com.l2jserver.util.data.xml.IXmlReader	ExperienceData: Max Player Level is: 107
2015.11.29 16:36:43,657	INFO	1	com.l2jserver.util.data.xml.IXmlReader	ExperienceData: Max Pet Level is: 107
2015.11.29 16:36:43,722	INFO	1	com.l2jserver.util.data.xml.IXmlReader	KarmaData: Loaded 107 karma modifiers.
2015.11.29 16:36:43,755	INFO	1	com.l2jserver.util.data.xml.IXmlReader	HitConditionBonusData: Loaded Hit Condition bonuses.
2015.11.29 16:36:46,512	INFO	1	com.l2jserver.gameserver.data.xml.impl.PlayerTemplateData	PlayerTemplateData: Loaded 145 character templates.
2015.11.29 16:36:46,512	INFO	1	com.l2jserver.gameserver.data.xml.impl.PlayerTemplateData	PlayerTemplateData: Loaded 93090 level up gain records.
2015.11.29 16:36:46,515	INFO	1	com.l2jserver.gameserver.data.sql.impl.CharNameTable	CharNameTable: Loaded 3 char names.
2015.11.29 16:36:46,583	INFO	1	com.l2jserver.util.data.xml.IXmlReader	AdminData: Loaded: 10 Access Levels.
2015.11.29 16:36:46,616	INFO	1	com.l2jserver.util.data.xml.IXmlReader	AdminData: Loaded: 439 Access Commands.
2015.11.29 16:36:47,652	INFO	1	com.l2jserver.util.data.xml.IXmlReader	PetDataTable: Loaded 49 Pets.
2015.11.29 16:36:47,654	INFO	1	com.l2jserver.gameserver.GameServer	---------------------------------------------------=[ Clans ]
2015.11.29 16:36:47,666	INFO	1	com.l2jserver.gameserver.communitybbs.Manager.ForumsBBSManager	Loaded 4 forums. Last forum id used: 4
2015.11.29 16:36:47,666	INFO	1	com.l2jserver.gameserver.data.sql.impl.ClanTable	ClanTable: Restored 0 clans from the database.
2015.11.29 16:36:47,674	INFO	1	com.l2jserver.gameserver.instancemanager.CHSiegeManager	CHSiegeManager: Loaded 6 conquerable clan halls.
2015.11.29 16:36:47,717	INFO	1	com.l2jserver.gameserver.instancemanager.ClanHallAuctionManager	ClanHallAuctionManager: Loaded: 38 auction(s)
2015.11.29 16:36:47,719	INFO	1	com.l2jserver.gameserver.instancemanager.ClanHallManager	ClanHallManager: Loaded: 0 clan halls
2015.11.29 16:36:47,719	INFO	1	com.l2jserver.gameserver.instancemanager.ClanHallManager	ClanHallManager: Loaded: 38 free clan halls
2015.11.29 16:36:47,727	INFO	1	com.l2jserver.gameserver.instancemanager.ClanEntryManager	ClanEntryManager: Loaded: 0 clan entry
2015.11.29 16:36:47,728	INFO	1	com.l2jserver.gameserver.instancemanager.ClanEntryManager	ClanEntryManager: Loaded: 0 player in waiting list
2015.11.29 16:36:47,729	INFO	1	com.l2jserver.gameserver.instancemanager.ClanEntryManager	ClanEntryManager: Loaded: 0 player application
2015.11.29 16:36:47,729	INFO	1	com.l2jserver.gameserver.GameServer	-------------------------------------------------=[ Geodata ]
2015.11.29 16:36:47,774	INFO	1	com.l2jserver.gameserver.GeoData	GeoData: Loaded 0 regions.
2015.11.29 16:36:47,774	INFO	1	com.l2jserver.gameserver.GameServer	----------------------------------------------------=[ NPCs ]
2015.11.29 16:36:47,860	INFO	1	com.l2jserver.util.data.xml.IXmlReader	SkillLearnData: Loaded 256 Skill Learn data.
2015.11.29 16:36:47,940	INFO	1	com.l2jserver.util.data.xml.IXmlReader	MinionData: Loaded 128 minions data.
2015.11.29 16:36:54,309	INFO	1	com.l2jserver.util.data.xml.IXmlReader	NpcData: Loaded 13834 NPCs.
2015.11.29 16:36:54,322	INFO	1	com.l2jserver.util.data.xml.IXmlReader	NpcData: Loaded 8 Custom NPCs.
2015.11.29 16:36:54,730	INFO	1	com.l2jserver.util.data.xml.IXmlReader	WalkingManager: Loaded 141 walking routes.
2015.11.29 16:36:54,844	INFO	1	com.l2jserver.util.data.xml.IXmlReader	StaticObjectData: Loaded 51 static object templates.
2015.11.29 16:36:55,144	INFO	1	com.l2jserver.gameserver.instancemanager.GrandBossManager	GrandBossManager: Queen Ant(29001) status is 0.
2015.11.29 16:36:55,145	INFO	1	com.l2jserver.gameserver.instancemanager.GrandBossManager	GrandBossManager: Core(29006) status is 0.
2015.11.29 16:36:55,145	INFO	1	com.l2jserver.gameserver.instancemanager.GrandBossManager	GrandBossManager: Orfen(29014) status is 0.
2015.11.29 16:36:55,145	INFO	1	com.l2jserver.gameserver.instancemanager.GrandBossManager	GrandBossManager: Baium(29020) status is 0.
2015.11.29 16:36:55,145	INFO	1	com.l2jserver.gameserver.instancemanager.GrandBossManager	GrandBossManager: Valakas(29028) status is 0.
2015.11.29 16:36:55,146	INFO	1	com.l2jserver.gameserver.instancemanager.GrandBossManager	GrandBossManager: Antharas(29068) status is 0.
2015.11.29 16:36:55,146	INFO	1	com.l2jserver.gameserver.instancemanager.GrandBossManager	GrandBossManager: Beleth(29118) status is 0.
2015.11.29 16:36:55,147	INFO	1	com.l2jserver.gameserver.instancemanager.GrandBossManager	GrandBossManager: Loaded 7 Instances
2015.11.29 16:36:56,169	INFO	1	com.l2jserver.util.data.xml.IXmlReader	DoorData: Loaded 1428 Door Templates for 23 regions.
2015.11.29 16:36:57,409	INFO	1	com.l2jserver.util.data.xml.IXmlReader	ZoneManager: Loaded 29 zone classes and 2886 zones.
2015.11.29 16:36:57,409	INFO	1	com.l2jserver.util.data.xml.IXmlReader	ZoneManager: Loaded 0 NPC spawn territoriers.
2015.11.29 16:36:57,468	INFO	1	com.l2jserver.gameserver.instancemanager.CastleManager	CastleManager: Loaded: 9 castles
2015.11.29 16:36:57,471	INFO	1	com.l2jserver.gameserver.data.sql.impl.NpcBufferTable	NpcBufferTable: Loaded 2 buffers and 64 skills.
2015.11.29 16:36:57,472	INFO	1	com.l2jserver.gameserver.instancemanager.GrandBossManager	GrandBossManager: Initialized 12 Grand Boss Zones
2015.11.29 16:36:57,473	INFO	1	com.l2jserver.gameserver.GameServer	-----------------------------------------=[ Auction Manager ]
2015.11.29 16:36:57,508	INFO	1	com.l2jserver.gameserver.model.itemauction.ItemAuctionInstance	ItemAuctionInstance: Loaded 82 item(s) and registered 2 auction(s) for instance 32320.
2015.11.29 16:36:57,510	INFO	1	com.l2jserver.gameserver.model.itemauction.ItemAuctionInstance	ItemAuctionInstance: Schedule next auction 6 on 17:00:00 04.12.15 for instance 32320
2015.11.29 16:36:57,513	INFO	1	com.l2jserver.gameserver.model.itemauction.ItemAuctionInstance	ItemAuctionInstance: Loaded 82 item(s) and registered 2 auction(s) for instance 32321.
2015.11.29 16:36:57,514	INFO	1	com.l2jserver.gameserver.model.itemauction.ItemAuctionInstance	ItemAuctionInstance: Schedule next auction 4 on 17:00:00 30.11.15 for instance 32321
2015.11.29 16:36:57,516	INFO	1	com.l2jserver.gameserver.model.itemauction.ItemAuctionInstance	ItemAuctionInstance: Loaded 82 item(s) and registered 2 auction(s) for instance 32322.
2015.11.29 16:36:57,517	INFO	1	com.l2jserver.gameserver.model.itemauction.ItemAuctionInstance	ItemAuctionInstance: Schedule next auction 5 on 17:00:00 02.12.15 for instance 32322
2015.11.29 16:36:57,517	INFO	1	com.l2jserver.gameserver.instancemanager.ItemAuctionManager	ItemAuctionManager: Loaded 3 instance(s).
2015.11.29 16:36:57,517	INFO	1	com.l2jserver.gameserver.GameServer	------------------------------------------------=[ Olympiad ]
2015.11.29 16:36:57,528	INFO	1	com.l2jserver.gameserver.model.olympiad.Olympiad	Olympiad System: Loading Olympiad System....
2015.11.29 16:36:57,528	INFO	1	com.l2jserver.gameserver.model.olympiad.Olympiad	Olympiad System: Currently in Olympiad Period
2015.11.29 16:36:57,528	INFO	1	com.l2jserver.gameserver.model.olympiad.Olympiad	Olympiad System: 2603 minutes until period ends
2015.11.29 16:36:57,528	INFO	1	com.l2jserver.gameserver.model.olympiad.Olympiad	Olympiad System: Next weekly change is in 9003 minutes
2015.11.29 16:36:57,529	INFO	1	com.l2jserver.gameserver.model.olympiad.Olympiad	Olympiad System: Loaded 0 Nobles
2015.11.29 16:36:57,531	INFO	1	com.l2jserver.gameserver.model.olympiad.Olympiad	Olympiad System: Competition Period Starts in 0 days, 1 hours and 24 mins.
2015.11.29 16:36:57,534	INFO	1	com.l2jserver.gameserver.model.olympiad.Olympiad	Olympiad System: Event starts/started : Sun Nov 29 18:00:57 CET 2015
2015.11.29 16:36:57,540	INFO	1	com.l2jserver.gameserver.model.entity.Hero	Hero System: Loaded 0 Heroes.
2015.11.29 16:36:57,540	INFO	1	com.l2jserver.gameserver.model.entity.Hero	Hero System: Loaded 0 all time Heroes.
2015.11.29 16:36:57,540	INFO	1	com.l2jserver.gameserver.GameServer	---------------------------------------------------=[ Cache ]
2015.11.29 16:36:57,542	INFO	1	com.l2jserver.gameserver.cache.HtmCache	Html cache start...
2015.11.29 16:37:46,793	INFO	1	com.l2jserver.gameserver.cache.HtmCache	Cache[HTML]: 5,715 megabytes on 10402 files loaded
2015.11.29 16:37:46,797	INFO	1	com.l2jserver.gameserver.data.sql.impl.CrestTable	CrestTable: Loaded 0 Crests.
2015.11.29 16:37:46,804	INFO	1	com.l2jserver.gameserver.data.sql.impl.TeleportLocationTable	TeleportLocationTable: Loaded 1010 Teleport Location Templates.
2015.11.29 16:37:47,076	INFO	1	com.l2jserver.util.data.xml.IXmlReader	Loaded: 21 npc teleporters.
2015.11.29 16:37:47,113	INFO	1	com.l2jserver.gameserver.data.xml.impl.UIData	UIData: Loaded 4 keys 5 categories.
2015.11.29 16:37:47,310	INFO	1	com.l2jserver.gameserver.datatables.AugmentationData	AugmentationData: Loaded: 40756 augmentations.
2015.11.29 16:37:47,310	INFO	1	com.l2jserver.gameserver.datatables.AugmentationData	AugmentationData: Loaded: 3060 accessory augmentations.
2015.11.29 16:37:47,365	INFO	1	com.l2jserver.gameserver.instancemanager.CursedWeaponsManager	CursedWeaponsManager: Loaded : 2 cursed weapon(s).
2015.11.29 16:37:49,158	INFO	1	com.l2jserver.util.data.xml.IXmlReader	TransformData: Loaded: 124 transform templates.
2015.11.29 16:37:49,188	INFO	1	com.l2jserver.gameserver.datatables.BotReportTable	BotReportTable: Loaded 0 bot reports
2015.11.29 16:37:49,237	INFO	1	com.l2jserver.util.data.xml.IXmlReader	DailyMissionData: Loaded 91 daily missions.
2015.11.29 16:37:49,237	INFO	1	com.l2jserver.gameserver.GameServer	-------------------------------------------------=[ Scripts ]
2015.11.29 16:37:49,241	INFO	1	com.l2jserver.gameserver.instancemanager.AirShipManager	AirShipManager: Loaded 0 private airships
2015.11.29 16:37:49,284	INFO	1	com.l2jserver.util.data.xml.IXmlReader	ShuttleData: Loaded: 3 Shuttles.
2015.11.29 16:37:49,312	INFO	1	com.l2jserver.gameserver.instancemanager.JumpManager	JumpManager: Loaded 32 Jump Routes.
2015.11.29 16:37:49,313	INFO	1	com.l2jserver.gameserver.GameServer	GameServer: Loading server scripts:
2015.11.29 16:37:53,290	INFO	1	handlers.MasterHandler	Loading Handlers...
2015.11.29 16:37:53,341	INFO	1	handlers.MasterHandler	ActionHandler: Loaded 10 Handlers
2015.11.29 16:37:53,341	INFO	1	handlers.MasterHandler	ActionShiftHandler: Loaded 6 Handlers
2015.11.29 16:37:53,341	INFO	1	handlers.MasterHandler	AdminCommandHandler: Loaded 436 Handlers
2015.11.29 16:37:53,341	INFO	1	handlers.MasterHandler	BypassHandler: Loaded 42 Handlers
2015.11.29 16:37:53,342	INFO	1	handlers.MasterHandler	ChatHandler: Loaded 14 Handlers
2015.11.29 16:37:53,342	INFO	1	handlers.MasterHandler	CommunityBoardHandler: Loaded 19 Handlers
2015.11.29 16:37:53,342	INFO	1	handlers.MasterHandler	ItemHandler: Loaded 32 Handlers
2015.11.29 16:37:53,342	INFO	1	handlers.MasterHandler	PunishmentHandler: Loaded 3 Handlers
2015.11.29 16:37:53,342	INFO	1	handlers.MasterHandler	UserCommandHandler: Loaded 16 Handlers
2015.11.29 16:37:53,342	INFO	1	handlers.MasterHandler	VoicedCommandHandler: Loaded 5 Handlers
2015.11.29 16:37:53,343	INFO	1	handlers.MasterHandler	TargetHandler: Loaded 35 Handlers
2015.11.29 16:37:53,343	INFO	1	handlers.MasterHandler	TelnetHandler: Loaded 20 Handlers
2015.11.29 16:37:53,343	INFO	1	handlers.MasterHandler	Handlers Loaded...
2015.11.29 16:38:00,806	INFO	1	com.l2jserver.util.data.xml.IXmlReader	MentorGuide: Loaded: 41 mentee coins
2015.11.29 16:38:02,060	INFO	1	com.l2jserver.util.data.xml.IXmlReader	NpcBuffersData: Loaded: 40 buffers data.
2015.11.29 16:38:10,188	INFO	1	com.l2jserver.gameserver.model.events.AbstractScript	Handy's Block Checker Event is enabled
2015.11.29 16:38:10,339	INFO	1	com.l2jserver.gameserver.model.events.AbstractScript	Fantasy Isle: Parade starting at 2015/11/29 17:20 and is scheduled each next 1 hours.
2015.11.29 16:38:27,175	INFO	1	instances.InstanceLoader	InstanceLoader: Loading Instances scripts.
2015.11.29 16:38:27,793	INFO	1	gracia.GraciaLoader	GraciaLoader: Loading Gracia related scripts.
2015.11.29 16:38:31,905	INFO	1	com.l2jserver.gameserver.model.events.AbstractScript	[EnhanceYourWeapon] Loaded 54 Soul Crystal data.
2015.11.29 16:38:31,905	INFO	1	com.l2jserver.gameserver.model.events.AbstractScript	[EnhanceYourWeapon] Loaded 240 npc Leveling info data.
2015.11.29 16:38:33,717	CONFIG	1	conquerablehalls.flagwar.BanditStronghold.BanditStronghold	Bandit StrongHold siege scheduled for Sat Dec 05 12:00:00 CET 2015.
2015.11.29 16:38:33,865	CONFIG	1	conquerablehalls.flagwar.WildBeastReserve.WildBeastReserve	Beast Farm siege scheduled for Sat Dec 05 12:00:00 CET 2015.
2015.11.29 16:38:34,010	CONFIG	1	conquerablehalls.DevastatedCastle.DevastatedCastle	Devastated Castle siege scheduled for Sat Dec 05 12:00:00 CET 2015.
2015.11.29 16:38:34,134	CONFIG	1	conquerablehalls.FortressOfResistance.FortressOfResistance	Fortress of Resistance siege scheduled for Sat Dec 05 12:00:00 CET 2015.
2015.11.29 16:38:34,263	CONFIG	1	conquerablehalls.FortressOfTheDead.FortressOfTheDead	Fortresss of the Dead siege scheduled for Sat Dec 05 12:00:00 CET 2015.
2015.11.29 16:38:34,391	CONFIG	1	conquerablehalls.RainbowSpringsChateau.RainbowSpringsChateau	Rainbow Springs siege scheduled for Sat Dec 05 12:00:00 CET 2015.
2015.11.29 16:38:35,743	INFO	1	com.l2jserver.gameserver.datatables.SpawnTable	SpawnTable: Loaded 3577 npc spawns.
2015.11.29 16:38:35,755	INFO	1	com.l2jserver.gameserver.datatables.SpawnTable	SpawnTable: Loaded 16 custom npc spawns.
2015.11.29 16:38:35,941	INFO	1	com.l2jserver.gameserver.datatables.SpawnTable	SpawnTable: Loaded 1190 npc spawns from XML.
2015.11.29 16:38:35,942	INFO	1	com.l2jserver.gameserver.instancemanager.DayNightSpawnManager	DayNightSpawnManager: Removed 0 day creatures
2015.11.29 16:38:35,949	INFO	1	com.l2jserver.gameserver.instancemanager.DayNightSpawnManager	DayNightSpawnManager: Spawned 1162 night creatures
2015.11.29 16:38:35,975	INFO	1	com.l2jserver.gameserver.instancemanager.RaidBossSpawnManager	RaidBossSpawnManager: Loaded 187 Instances
2015.11.29 16:38:35,975	INFO	1	com.l2jserver.gameserver.instancemanager.RaidBossSpawnManager	RaidBossSpawnManager: Scheduled 0 Instances
2015.11.29 16:38:35,980	INFO	1	com.l2jserver.gameserver.instancemanager.FourSepulchersManager	FourSepulchersManager: loaded 20 Mysterious-Box spawns.
2015.11.29 16:38:35,998	INFO	1	com.l2jserver.gameserver.instancemanager.FourSepulchersManager	FourSepulchersManager: loaded 716 Physical type monsters spawns.
2015.11.29 16:38:36,016	INFO	1	com.l2jserver.gameserver.instancemanager.FourSepulchersManager	FourSepulchersManager: loaded 716 Magical type monsters spawns.
2015.11.29 16:38:36,020	INFO	1	com.l2jserver.gameserver.instancemanager.FourSepulchersManager	FourSepulchersManager: loaded 92 Church of duke monsters spawns.
2015.11.29 16:38:36,024	INFO	1	com.l2jserver.gameserver.instancemanager.FourSepulchersManager	FourSepulchersManager: loaded 68 Emperor's grave NPC spawns.
2015.11.29 16:38:36,024	INFO	1	com.l2jserver.gameserver.instancemanager.FourSepulchersManager	FourSepulchersManager: spawned Conquerors' Sepulcher Manager
2015.11.29 16:38:36,024	INFO	1	com.l2jserver.gameserver.instancemanager.FourSepulchersManager	FourSepulchersManager: spawned Sepulcher of Rulers Manager
2015.11.29 16:38:36,025	INFO	1	com.l2jserver.gameserver.instancemanager.FourSepulchersManager	FourSepulchersManager: spawned Great Sages' Sepulcher Manager
2015.11.29 16:38:36,025	INFO	1	com.l2jserver.gameserver.instancemanager.FourSepulchersManager	FourSepulchersManager: spawned Judges' Sepulcher Manager
2015.11.29 16:38:36,026	INFO	1	com.l2jserver.gameserver.instancemanager.FourSepulchersManager	FourSepulchersManager: Beginning in Attack time
2015.11.29 16:38:36,026	INFO	1	com.l2jserver.gameserver.GameServer	---------------------------------------------------=[ Siege ]
2015.11.29 16:38:36,055	INFO	1	com.l2jserver.util.data.xml.IXmlReader	SiegeScheduleData: Loaded: 2 siege schedulers.
2015.11.29 16:38:36,100	INFO	1	com.l2jserver.gameserver.model.entity.Siege	Siege of Gludio: Sun Dec 13 16:00:00 CET 2015
2015.11.29 16:38:36,134	INFO	1	com.l2jserver.gameserver.model.entity.Siege	Siege of Dion: Sun Dec 13 16:00:00 CET 2015
2015.11.29 16:38:36,155	INFO	1	com.l2jserver.gameserver.model.entity.Siege	Siege of Giran: Sun Dec 13 16:00:00 CET 2015
2015.11.29 16:38:36,178	INFO	1	com.l2jserver.gameserver.model.entity.Siege	Siege of Oren: Sun Dec 13 16:00:00 CET 2015
2015.11.29 16:38:36,211	INFO	1	com.l2jserver.gameserver.model.entity.Siege	Siege of Aden: Sun Dec 13 16:00:00 CET 2015
2015.11.29 16:38:36,212	INFO	1	com.l2jserver.gameserver.model.entity.Siege	Siege of Innadril: Sun Nov 29 20:00:00 CET 2015
2015.11.29 16:38:36,212	INFO	1	com.l2jserver.gameserver.model.entity.Siege	Siege of Goddard: Sun Nov 29 20:00:00 CET 2015
2015.11.29 16:38:36,213	INFO	1	com.l2jserver.gameserver.model.entity.Siege	Siege of Rune: Sun Nov 29 20:00:00 CET 2015
2015.11.29 16:38:36,213	INFO	1	com.l2jserver.gameserver.model.entity.Siege	Siege of Schuttgart: Sun Nov 29 20:00:00 CET 2015
2015.11.29 16:38:36,287	INFO	1	com.l2jserver.gameserver.instancemanager.FortManager	FortManager: Loaded: 20 fortress
2015.11.29 16:38:37,050	INFO	1	com.l2jserver.util.data.xml.IXmlReader	CastleManorManager: Loaded 258 seeds.
2015.11.29 16:38:37,057	INFO	1	com.l2jserver.util.data.xml.IXmlReader	CastleManorManager: Manor data loaded.
2015.11.29 16:38:37,059	INFO	1	com.l2jserver.gameserver.instancemanager.MercTicketManager	MercTicketManager: Loaded: 0 Mercenary Tickets
2015.11.29 16:38:37,060	INFO	1	com.l2jserver.gameserver.instancemanager.QuestManager	QuestManager: Loaded: 226 quests.
2015.11.29 16:38:37,060	INFO	1	com.l2jserver.gameserver.instancemanager.QuestManager	QuestManager: Loaded: 260 scripts.
2015.11.29 16:38:37,082	INFO	1	com.l2jserver.gameserver.script.faenor.FaenorEventParser	Event ID: (Valentines Event) has passed... Ignored.
2015.11.29 16:38:37,082	INFO	1	com.l2jserver.gameserver.script.faenor.FaenorScriptEngine	FaenorScriptEngine: Loaded  Valentines.xml successfully.
2015.11.29 16:38:37,083	INFO	1	com.l2jserver.gameserver.GameServer	AutoSpawnHandler: Loaded 6 handlers in total.
2015.11.29 16:38:37,094	INFO	1	com.l2jserver.gameserver.taskmanager.TaskManager	TaskManager: Loaded: 12 Tasks
2015.11.29 16:38:37,096	INFO	1	com.l2jserver.gameserver.instancemanager.MailManager	MailManager: Successfully loaded 0 messages.
2015.11.29 16:38:37,098	INFO	1	com.l2jserver.gameserver.instancemanager.PunishmentManager	PunishmentManager: Loaded 0 active and 0 expired punishments.
2015.11.29 16:38:37,098	INFO	1	com.l2jserver.gameserver.GameServer	IdFactory: Free ObjectID's remaining: 1878997285
2015.11.29 16:38:37,099	INFO	1	com.l2jserver.gameserver.model.entity.TvTManager	TvTEventEngine[TvTManager.TvTManager()]: Engine is disabled.
2015.11.29 16:38:37,103	INFO	1	com.l2jserver.gameserver.data.sql.impl.OfflineTradersTable	OfflineTradersTable: Loading offline traders...
2015.11.29 16:38:37,103	INFO	1	com.l2jserver.gameserver.data.sql.impl.OfflineTradersTable	OfflineTradersTable: Loaded: 0 offline trader(s)
2015.11.29 16:38:38,245	INFO	1	com.l2jserver.gameserver.GameServer	GameServer: Started, using 506 of 989 MB total memory.
2015.11.29 16:38:38,248	INFO	1	com.l2jserver.gameserver.GameServer	GameServer: Geodata use 32 MB of memory.
2015.11.29 16:38:38,250	INFO	1	com.l2jserver.gameserver.GameServer	GameServer: Maximum number of connected players is 2000.
2015.11.29 16:38:38,252	INFO	1	com.l2jserver.gameserver.GameServer	GameServer: Server loaded in 163 seconds.
2015.11.29 16:38:38,320	INFO	1	com.l2jserver.gameserver.GameServer	GameServer: is now listening on: *:7777
2015.11.29 16:38:38,327	INFO	428	com.l2jserver.gameserver.LoginServerThread	Connecting to login on 127.0.0.1:9014
2015.11.29 16:38:38,636	INFO	428	com.l2jserver.gameserver.LoginServerThread	Registered on login as Server 14 : Phoenix
2015.11.29 17:00:00,019	INFO	390	com.l2jserver.gameserver.instancemanager.DayNightSpawnManager	DayNightSpawnManager: Removed 1162 night creatures
2015.11.29 17:00:00,024	INFO	390	com.l2jserver.gameserver.instancemanager.DayNightSpawnManager	DayNightSpawnManager: Spawned 726 day creatures
2015.11.29 17:00:00,026	INFO	390	com.l2jserver.gameserver.instancemanager.DayNightSpawnManager	DayNightSpawnManager: Deleting Hellman raidboss
2015.11.29 17:54:54,365	WARNING	428	com.l2jserver.gameserver.LoginServerThread	LoginServer not avaible, trying to reconnect...
